#
# A fatal error has been detected by the Java Runtime Environment:
#
#  EXCEPTION_ACCESS_VIOLATION (0xc0000005) at pc=0x00007ff9ec6ee5ab, pid=21280, tid=1696
#
# JRE version: OpenJDK Runtime Environment (17.0.6) (build 17.0.6+0-b2043.56-9586694)
# Java VM: OpenJDK 64-Bit Server VM (17.0.6+0-b2043.56-9586694, mixed mode, tiered, compressed oops, compressed class ptrs, g1 gc, windows-amd64)
# Problematic frame:
# V  [jvm.dll+0x54e5ab]
#
# No core dump will be written. Minidumps are not enabled by default on client versions of Windows
#
# If you would like to submit a bug report, please visit:
#   https://bugreport.java.com/bugreport/crash.jsp
#

---------------  S U M M A R Y ------------

Command Line: --add-opens=java.base/java.util=ALL-UNNAMED --add-opens=java.base/java.lang=ALL-UNNAMED --add-opens=java.base/java.lang.invoke=ALL-UNNAMED --add-opens=java.prefs/java.util.prefs=ALL-UNNAMED --add-opens=java.base/java.nio.charset=ALL-UNNAMED --add-opens=java.base/java.net=ALL-UNNAMED --add-opens=java.base/java.util.concurrent.atomic=ALL-UNNAMED -Xmx2048m -Dfile.encoding=UTF-8 -Duser.country=US -Duser.language=en -Duser.variant org.gradle.launcher.daemon.bootstrap.GradleDaemon 8.0

Host: Intel(R) Core(TM) i7-8850H CPU @ 2.60GHz, 12 cores, 31G,  Windows 11 , 64 bit Build 22621 (10.0.22621.2506)
Time: Thu Jan 25 13:51:22 2024 Egypt Standard Time elapsed time: 3.516007 seconds (0d 0h 0m 3s)

---------------  T H R E A D  ---------------

Current thread (0x000001c702cf2680):  JavaThread "C2 CompilerThread2" daemon [_thread_in_native, id=1696, stack(0x0000001397a00000,0x0000001397b00000)]


Current CompileTask:
C2:   3516 2674   !   4       java.lang.ClassLoader::loadClass (121 bytes)

Stack: [0x0000001397a00000,0x0000001397b00000],  sp=0x0000001397afb790,  free space=1005k
Native frames: (J=compiled Java code, j=interpreted, Vv=VM code, C=native code)
V  [jvm.dll+0x54e5ab]
V  [jvm.dll+0x333030]
V  [jvm.dll+0x3323da]
V  [jvm.dll+0x21c201]
V  [jvm.dll+0x21b621]
V  [jvm.dll+0x1a4fdd]
V  [jvm.dll+0x22b098]
V  [jvm.dll+0x229159]
V  [jvm.dll+0x7f809c]
V  [jvm.dll+0x7f25fa]
V  [jvm.dll+0x682985]
C  [ucrtbase.dll+0x29363]
C  [KERNEL32.DLL+0x1257d]
C  [ntdll.dll+0x5aa58]


siginfo: EXCEPTION_ACCESS_VIOLATION (0xc0000005), reading address 0xffffffffffffffff


Register to memory mapping:

RIP=0x00007ff9ec6ee5ab jvm.dll
RAX=0x000001c7082d8e50 points into unknown readable memory: 0x000001c7050d1ff0 | f0 1f 0d 05 c7 01 00 00
RBX=0x000001c702c18340 points into unknown readable memory: 0x00007ff9ecaca580 | 80 a5 ac ec f9 7f 00 00
RCX=0x0000000000000834 is an unknown value
RDX=0x0020000000000000 is an unknown value
RSP=0x0000001397afb790 is pointing into the stack for thread: 0x000001c702cf2680
RBP=0x0000001397afb890 is pointing into the stack for thread: 0x000001c702cf2680
RSI=0x0000000000000004 is an unknown value
RDI=0x000001c707fd61b0 points into unknown readable memory: 0x00007ff9eca93c50 | 50 3c a9 ec f9 7f 00 00
R8 =0x000001c707fd64e0 points into unknown readable memory: 0x0020000000000000 | 00 00 00 00 00 00 20 00
R9 =0x0000000000000005 is an unknown value
R10=0x0000000000000034 is an unknown value
R11=0x000001c708207b70 points into unknown readable memory: 0x000001c704bee3a0 | a0 e3 be 04 c7 01 00 00
R12=0x0000000000000001 is an unknown value
R13=0x0000001397afbda0 is pointing into the stack for thread: 0x000001c702cf2680
R14=0x0 is NULL
R15=0x0000000000000010 is an unknown value


Registers:
RAX=0x000001c7082d8e50, RBX=0x000001c702c18340, RCX=0x0000000000000834, RDX=0x0020000000000000
RSP=0x0000001397afb790, RBP=0x0000001397afb890, RSI=0x0000000000000004, RDI=0x000001c707fd61b0
R8 =0x000001c707fd64e0, R9 =0x0000000000000005, R10=0x0000000000000034, R11=0x000001c708207b70
R12=0x0000000000000001, R13=0x0000001397afbda0, R14=0x0000000000000000, R15=0x0000000000000010
RIP=0x00007ff9ec6ee5ab, EFLAGS=0x0000000000010206

Top of Stack: (sp=0x0000001397afb790)
0x0000001397afb790:   0000001397afb890 000001c7090faa18
0x0000001397afb7a0:   000001c704bee600 0000001397afb900
0x0000001397afb7b0:   0000001397afb968 000001c700000006
0x0000001397afb7c0:   000001c70873b990 0000000000000000
0x0000001397afb7d0:   000000010000000b 0000000000000020
0x0000001397afb7e0:   000001c77facf1d0 00007ff900000004
0x0000001397afb7f0:   000001c708207b70 0000000000000000
0x0000001397afb800:   000001c77facf1d0 0000000000000004
0x0000001397afb810:   000001c708207b50 00007ff900000000
0x0000001397afb820:   000001c70285ca30 000000000000bc10
0x0000001397afb830:   000000000000bc00 000001c702e780e0
0x0000001397afb840:   0000000000338e18 000001c702e78130
0x0000001397afb850:   0000000000000000 0000000000000000
0x0000001397afb860:   0000000000000000 0000000000000000
0x0000001397afb870:   000001c77facf1d0 0000000000000000
0x0000001397afb880:   0000000000204f50 000001c7035a7b70 

Instructions: (pc=0x00007ff9ec6ee5ab)
0x00007ff9ec6ee4ab:   44 38 35 1a 70 5d 00 8b c2 74 4c 84 c9 74 48 41
0x00007ff9ec6ee4bb:   b8 01 00 00 00 41 3b d0 76 3d 44 3b 43 18 73 0d
0x00007ff9ec6ee4cb:   48 8b 43 20 41 8b c8 48 8b 14 c8 eb 03 49 8b d6
0x00007ff9ec6ee4db:   8b 42 2c 81 62 30 ff ef ff ff 83 e0 0f 3c 0c 74
0x00007ff9ec6ee4eb:   0b 8b 42 28 49 c7 04 c1 ff 7f ff 7f 8b 43 28 41
0x00007ff9ec6ee4fb:   ff c0 44 3b c0 72 c3 8d 70 ff 89 74 24 40 3b 73
0x00007ff9ec6ee50b:   18 73 0a 48 8b 43 20 48 8b 3c f0 eb 03 49 8b fe
0x00007ff9ec6ee51b:   48 8b 07 48 8b cf ff 50 20 48 3b c7 74 07 2b 73
0x00007ff9ec6ee52b:   48 89 74 24 40 41 bc 01 00 00 00 41 8b f4 44 89
0x00007ff9ec6ee53b:   64 24 44 44 39 64 24 40 0f 86 cf 01 00 00 b9 08
0x00007ff9ec6ee54b:   00 00 00 48 89 4c 24 48 44 8b 7b 18 41 3b f7 73
0x00007ff9ec6ee55b:   0a 48 8b 43 20 48 8b 3c 01 eb 03 49 8b fe 8b 47
0x00007ff9ec6ee56b:   2c 83 e0 0f 83 f8 0c 0f 84 10 01 00 00 83 f8 08
0x00007ff9ec6ee57b:   75 15 48 8b cb e8 3b 30 bd ff 48 8b 4f 08 48 39
0x00007ff9ec6ee58b:   01 0f 84 f6 00 00 00 8b 47 1c 45 8b ce 85 c0 74
0x00007ff9ec6ee59b:   30 4c 8b 47 08 44 8b d0 49 8b 10 48 85 d2 74 17
0x00007ff9ec6ee5ab:   8b 4a 28 49 8b 45 78 48 39 1c c8 75 0a 48 83 7a
0x00007ff9ec6ee5bb:   10 00 74 03 41 ff c1 49 83 c0 08 49 83 ea 01 75
0x00007ff9ec6ee5cb:   d7 4c 8b 7d 50 48 63 4f 28 49 8b 47 08 44 89 0c
0x00007ff9ec6ee5db:   88 8b 47 2c 24 03 3c 02 0f 85 15 01 00 00 83 7f
0x00007ff9ec6ee5eb:   18 05 0f 86 0b 01 00 00 48 8b 07 48 8b cf ff 90
0x00007ff9ec6ee5fb:   48 01 00 00 3d ca 00 00 00 74 17 48 8b 07 48 8b
0x00007ff9ec6ee60b:   cf ff 90 48 01 00 00 3d d2 00 00 00 0f 85 e1 00
0x00007ff9ec6ee61b:   00 00 4c 8b 4f 08 4d 8b 71 28 4d 85 f6 74 44 41
0x00007ff9ec6ee62b:   8b 4e 28 49 8b 45 78 48 39 1c c8 75 36 8b 4f 18
0x00007ff9ec6ee63b:   44 8b 47 1c 41 3b c8 73 2a 8b c1 49 8b 14 c1 49
0x00007ff9ec6ee64b:   3b d6 74 0e 48 85 d2 74 1a ff c1 41 3b c8 72 e9
0x00007ff9ec6ee65b:   eb 11 83 f9 ff 74 0c 4c 63 47 28 49 8b 47 08 42
0x00007ff9ec6ee66b:   ff 0c 80 ba 05 00 00 00 48 8b cf e8 55 17 11 00
0x00007ff9ec6ee67b:   49 8b d6 48 8b cf e8 ba 0e 11 00 eb 73 45 3b e7
0x00007ff9ec6ee68b:   73 0d 48 8b 43 20 41 8b cc 4c 8b 24 c8 eb 03 4d
0x00007ff9ec6ee69b:   8b e6 41 3b f7 72 0b 8b d6 48 8d 4b 10 e8 43 26 


Stack slot to memory mapping:
stack at sp + 0 slots: 0x0000001397afb890 is pointing into the stack for thread: 0x000001c702cf2680
stack at sp + 1 slots: 0x000001c7090faa18 points into unknown readable memory: 0x00007ff9ecaca580 | 80 a5 ac ec f9 7f 00 00
stack at sp + 2 slots: 0x000001c704bee600 points into unknown readable memory: 0x000001c704bee618 | 18 e6 be 04 c7 01 00 00
stack at sp + 3 slots: 0x0000001397afb900 is pointing into the stack for thread: 0x000001c702cf2680
stack at sp + 4 slots: 0x0000001397afb968 is pointing into the stack for thread: 0x000001c702cf2680
stack at sp + 5 slots: 0x000001c700000006 points into unknown readable memory: 00 00
stack at sp + 6 slots: 0x000001c70873b990 points into unknown readable memory: 0x000000007fff7fff | ff 7f ff 7f 00 00 00 00
stack at sp + 7 slots: 0x0 is NULL


---------------  P R O C E S S  ---------------

Threads class SMR info:
_java_thread_list=0x000001c709090b80, length=44, elements={
0x000001c767499300, 0x000001c77f75e930, 0x000001c77f8448e0, 0x000001c77f8824d0,
0x000001c77f883340, 0x000001c77f886f70, 0x000001c77f887920, 0x000001c77f8886b0,
0x000001c77f889150, 0x000001c77f88bb50, 0x000001c77fa2c010, 0x000001c77fa30560,
0x000001c77fad6ba0, 0x000001c702cf2680, 0x000001c702ca6c40, 0x000001c702ca5900,
0x000001c702ca3c20, 0x000001c702ca3750, 0x000001c702ca5dd0, 0x000001c702ca62a0,
0x000001c702ca45c0, 0x000001c702ca4f60, 0x000001c702ca3280, 0x000001c702ca40f0,
0x000001c702ca6770, 0x000001c702ca4a90, 0x000001c7054b1c30, 0x000001c7054afa80,
0x000001c7054aff50, 0x000001c7054b2aa0, 0x000001c7054af0e0, 0x000001c7054b4c50,
0x000001c7054b1290, 0x000001c7054b2f70, 0x000001c7054b5120, 0x000001c7054b08f0,
0x000001c7054b55f0, 0x000001c7054b5ac0, 0x000001c7054b1760, 0x000001c7054b0420,
0x000001c7054b0dc0, 0x000001c7054b2100, 0x000001c7054b3910, 0x000001c7054b3de0
}

Java Threads: ( => current thread )
  0x000001c767499300 JavaThread "main" [_thread_blocked, id=8344, stack(0x0000001396600000,0x0000001396700000)]
  0x000001c77f75e930 JavaThread "Reference Handler" daemon [_thread_blocked, id=10688, stack(0x0000001396d00000,0x0000001396e00000)]
  0x000001c77f8448e0 JavaThread "Finalizer" daemon [_thread_blocked, id=18956, stack(0x0000001396e00000,0x0000001396f00000)]
  0x000001c77f8824d0 JavaThread "Signal Dispatcher" daemon [_thread_blocked, id=12704, stack(0x0000001396f00000,0x0000001397000000)]
  0x000001c77f883340 JavaThread "Attach Listener" daemon [_thread_blocked, id=11988, stack(0x0000001397000000,0x0000001397100000)]
  0x000001c77f886f70 JavaThread "Service Thread" daemon [_thread_blocked, id=20664, stack(0x0000001397100000,0x0000001397200000)]
  0x000001c77f887920 JavaThread "Monitor Deflation Thread" daemon [_thread_blocked, id=13232, stack(0x0000001397200000,0x0000001397300000)]
  0x000001c77f8886b0 JavaThread "C2 CompilerThread0" daemon [_thread_in_native, id=7928, stack(0x0000001397300000,0x0000001397400000)]
  0x000001c77f889150 JavaThread "C1 CompilerThread0" daemon [_thread_blocked, id=2412, stack(0x0000001397400000,0x0000001397500000)]
  0x000001c77f88bb50 JavaThread "Sweeper thread" daemon [_thread_blocked, id=15372, stack(0x0000001397500000,0x0000001397600000)]
  0x000001c77fa2c010 JavaThread "Common-Cleaner" daemon [_thread_blocked, id=2672, stack(0x0000001397600000,0x0000001397700000)]
  0x000001c77fa30560 JavaThread "Notification Thread" daemon [_thread_blocked, id=16956, stack(0x0000001397700000,0x0000001397800000)]
  0x000001c77fad6ba0 JavaThread "C2 CompilerThread1" daemon [_thread_in_native, id=9464, stack(0x0000001397900000,0x0000001397a00000)]
=>0x000001c702cf2680 JavaThread "C2 CompilerThread2" daemon [_thread_in_native, id=1696, stack(0x0000001397a00000,0x0000001397b00000)]
  0x000001c702ca6c40 JavaThread "Daemon health stats" [_thread_blocked, id=12484, stack(0x0000001398400000,0x0000001398500000)]
  0x000001c702ca5900 JavaThread "Incoming local TCP Connector on port 2616" [_thread_in_native, id=17460, stack(0x0000001398500000,0x0000001398600000)]
  0x000001c702ca3c20 JavaThread "Daemon periodic checks" [_thread_blocked, id=17488, stack(0x0000001398600000,0x0000001398700000)]
  0x000001c702ca3750 JavaThread "Daemon" [_thread_blocked, id=10468, stack(0x0000001398700000,0x0000001398800000)]
  0x000001c702ca5dd0 JavaThread "Handler for socket connection from /127.0.0.1:2616 to /127.0.0.1:2617" [_thread_in_native, id=21300, stack(0x0000001398800000,0x0000001398900000)]
  0x000001c702ca62a0 JavaThread "Cancel handler" [_thread_blocked, id=16912, stack(0x0000001398900000,0x0000001398a00000)]
  0x000001c702ca45c0 JavaThread "Daemon worker" [_thread_in_native, id=4408, stack(0x0000001398a00000,0x0000001398b00000)]
  0x000001c702ca4f60 JavaThread "Asynchronous log dispatcher for DefaultDaemonConnection: socket connection from /127.0.0.1:2616 to /127.0.0.1:2617" [_thread_blocked, id=19548, stack(0x0000001398b00000,0x0000001398c00000)]
  0x000001c702ca3280 JavaThread "Stdin handler" [_thread_blocked, id=20396, stack(0x0000001398c00000,0x0000001398d00000)]
  0x000001c702ca40f0 JavaThread "Daemon client event forwarder" [_thread_blocked, id=12796, stack(0x0000001398d00000,0x0000001398e00000)]
  0x000001c702ca6770 JavaThread "Cache worker for journal cache (C:\Users\Esraa\.gradle\caches\journal-1)" [_thread_blocked, id=8200, stack(0x0000001399000000,0x0000001399100000)]
  0x000001c702ca4a90 JavaThread "File lock request listener" [_thread_in_native, id=1324, stack(0x0000001399100000,0x0000001399200000)]
  0x000001c7054b1c30 JavaThread "Cache worker for file hash cache (C:\Users\Esraa\.gradle\caches\8.0\fileHashes)" [_thread_blocked, id=20756, stack(0x0000001399200000,0x0000001399300000)]
  0x000001c7054afa80 JavaThread "File watcher server" daemon [_thread_in_native, id=9172, stack(0x0000001399300000,0x0000001399400000)]
  0x000001c7054aff50 JavaThread "File watcher consumer" daemon [_thread_blocked, id=21156, stack(0x0000001399400000,0x0000001399500000)]
  0x000001c7054b2aa0 JavaThread "jar transforms" [_thread_blocked, id=14120, stack(0x0000001399500000,0x0000001399600000)]
  0x000001c7054af0e0 JavaThread "jar transforms Thread 2" [_thread_blocked, id=12124, stack(0x0000001399600000,0x0000001399700000)]
  0x000001c7054b4c50 JavaThread "jar transforms Thread 3" [_thread_blocked, id=17016, stack(0x0000001399700000,0x0000001399800000)]
  0x000001c7054b1290 JavaThread "jar transforms Thread 4" [_thread_blocked, id=14340, stack(0x0000001399800000,0x0000001399900000)]
  0x000001c7054b2f70 JavaThread "jar transforms Thread 5" [_thread_blocked, id=11820, stack(0x0000001399900000,0x0000001399a00000)]
  0x000001c7054b5120 JavaThread "jar transforms Thread 6" [_thread_blocked, id=14752, stack(0x0000001399a00000,0x0000001399b00000)]
  0x000001c7054b08f0 JavaThread "jar transforms Thread 7" [_thread_blocked, id=18456, stack(0x0000001399b00000,0x0000001399c00000)]
  0x000001c7054b55f0 JavaThread "jar transforms Thread 8" [_thread_blocked, id=21140, stack(0x0000001399c00000,0x0000001399d00000)]
  0x000001c7054b5ac0 JavaThread "jar transforms Thread 9" [_thread_blocked, id=17760, stack(0x0000001399d00000,0x0000001399e00000)]
  0x000001c7054b1760 JavaThread "jar transforms Thread 10" [_thread_blocked, id=13260, stack(0x0000001399e00000,0x0000001399f00000)]
  0x000001c7054b0420 JavaThread "jar transforms Thread 11" [_thread_blocked, id=12432, stack(0x0000001399f00000,0x000000139a000000)]
  0x000001c7054b0dc0 JavaThread "jar transforms Thread 12" [_thread_blocked, id=11808, stack(0x000000139a000000,0x000000139a100000)]
  0x000001c7054b2100 JavaThread "Cache worker for checksums cache (C:\Users\Esraa\AndroidStudioProjects\ChatApp\.gradle\8.0\checksums)" [_thread_blocked, id=3196, stack(0x000000139a100000,0x000000139a200000)]
  0x000001c7054b3910 JavaThread "Cache worker for cache directory md-rule (C:\Users\Esraa\.gradle\caches\8.0\md-rule)" [_thread_blocked, id=21048, stack(0x000000139a200000,0x000000139a300000)]
  0x000001c7054b3de0 JavaThread "Cache worker for file content cache (C:\Users\Esraa\.gradle\caches\8.0\fileContent)" [_thread_blocked, id=7360, stack(0x000000139a300000,0x000000139a400000)]

Other Threads:
  0x000001c77f75b910 VMThread "VM Thread" [stack: 0x0000001396c00000,0x0000001396d00000] [id=6096]
  0x000001c76750a9d0 WatcherThread [stack: 0x0000001397800000,0x0000001397900000] [id=12456]
  0x000001c7674f3a70 GCTaskThread "GC Thread#0" [stack: 0x0000001396700000,0x0000001396800000] [id=16984]
  0x000001c70336b740 GCTaskThread "GC Thread#1" [stack: 0x0000001397b00000,0x0000001397c00000] [id=16100]
  0x000001c77fb5e3a0 GCTaskThread "GC Thread#2" [stack: 0x0000001397c00000,0x0000001397d00000] [id=13228]
  0x000001c77fb5e650 GCTaskThread "GC Thread#3" [stack: 0x0000001397d00000,0x0000001397e00000] [id=6764]
  0x000001c77fb5e900 GCTaskThread "GC Thread#4" [stack: 0x0000001397e00000,0x0000001397f00000] [id=18184]
  0x000001c77fb5ebb0 GCTaskThread "GC Thread#5" [stack: 0x0000001397f00000,0x0000001398000000] [id=19216]
  0x000001c702f221c0 GCTaskThread "GC Thread#6" [stack: 0x0000001398000000,0x0000001398100000] [id=6348]
  0x000001c702f22880 GCTaskThread "GC Thread#7" [stack: 0x0000001398100000,0x0000001398200000] [id=12264]
  0x000001c702f22f00 GCTaskThread "GC Thread#8" [stack: 0x0000001398200000,0x0000001398300000] [id=14424]
  0x000001c702a8bf40 GCTaskThread "GC Thread#9" [stack: 0x0000001398300000,0x0000001398400000] [id=18828]
  0x000001c7675049b0 ConcurrentGCThread "G1 Main Marker" [stack: 0x0000001396800000,0x0000001396900000] [id=12392]
  0x000001c7675053c0 ConcurrentGCThread "G1 Conc#0" [stack: 0x0000001396900000,0x0000001396a00000] [id=17232]
  0x000001c7054bdf70 ConcurrentGCThread "G1 Conc#1" [stack: 0x0000001398e00000,0x0000001398f00000] [id=5068]
  0x000001c703b6a4b0 ConcurrentGCThread "G1 Conc#2" [stack: 0x0000001398f00000,0x0000001399000000] [id=20548]
  0x000001c77f698250 ConcurrentGCThread "G1 Refine#0" [stack: 0x0000001396a00000,0x0000001396b00000] [id=12424]
  0x000001c77f698a80 ConcurrentGCThread "G1 Service" [stack: 0x0000001396b00000,0x0000001396c00000] [id=13752]

Threads with active compile tasks:
C2 CompilerThread0     3605 2738       4       java.lang.invoke.MethodType::makeImpl (109 bytes)
C2 CompilerThread1     3605 2111   !   4       java.security.AccessController::doPrivileged (26 bytes)
C2 CompilerThread2     3605 2674   !   4       java.lang.ClassLoader::loadClass (121 bytes)

VM state: not at safepoint (normal execution)

VM Mutex/Monitor currently owned by a thread: None

Heap address: 0x0000000080000000, size: 2048 MB, Compressed Oops mode: 32-bit

CDS archive(s) not mapped
Compressed class space mapped at: 0x0000000100000000-0x0000000140000000, reserved size: 1073741824
Narrow klass base: 0x0000000000000000, Narrow klass shift: 3, Narrow klass range: 0x140000000

GC Precious Log:
 CPUs: 12 total, 12 available
 Memory: 32574M
 Large Page Support: Disabled
 NUMA Support: Disabled
 Compressed Oops: Enabled (32-bit)
 Heap Region Size: 1M
 Heap Min Capacity: 8M
 Heap Initial Capacity: 510M
 Heap Max Capacity: 2G
 Pre-touch: Disabled
 Parallel Workers: 10
 Concurrent Workers: 3
 Concurrent Refinement Workers: 10
 Periodic GC: Disabled

Heap:
 garbage-first heap   total 303104K, used 73809K [0x0000000080000000, 0x0000000100000000)
  region size 1024K, 23 young (23552K), 2 survivors (2048K)
 Metaspace       used 31855K, committed 32192K, reserved 1081344K
  class space    used 4401K, committed 4608K, reserved 1048576K

Heap Regions: E=young(eden), S=young(survivor), O=old, HS=humongous(starts), HC=humongous(continues), CS=collection set, F=free, OA=open archive, CA=closed archive, TAMS=top-at-mark-start (previous, next)
|   0|0x0000000080000000, 0x0000000080100000, 0x0000000080100000|100%|HS|  |TAMS 0x0000000080100000, 0x0000000080100000| Complete 
|   1|0x0000000080100000, 0x0000000080200000, 0x0000000080200000|100%|HC|  |TAMS 0x0000000080200000, 0x0000000080200000| Complete 
|   2|0x0000000080200000, 0x0000000080300000, 0x0000000080300000|100%|HC|  |TAMS 0x0000000080300000, 0x0000000080300000| Complete 
|   3|0x0000000080300000, 0x0000000080400000, 0x0000000080400000|100%|HC|  |TAMS 0x0000000080400000, 0x0000000080400000| Complete 
|   4|0x0000000080400000, 0x0000000080500000, 0x0000000080500000|100%| O|  |TAMS 0x0000000080500000, 0x0000000080500000| Untracked 
|   5|0x0000000080500000, 0x0000000080600000, 0x0000000080600000|100%| O|  |TAMS 0x0000000080600000, 0x0000000080600000| Untracked 
|   6|0x0000000080600000, 0x0000000080700000, 0x0000000080700000|100%| O|  |TAMS 0x0000000080700000, 0x0000000080700000| Untracked 
|   7|0x0000000080700000, 0x0000000080800000, 0x0000000080800000|100%| O|  |TAMS 0x0000000080800000, 0x0000000080800000| Untracked 
|   8|0x0000000080800000, 0x0000000080900000, 0x0000000080900000|100%| O|  |TAMS 0x0000000080900000, 0x0000000080900000| Untracked 
|   9|0x0000000080900000, 0x0000000080a00000, 0x0000000080a00000|100%| O|  |TAMS 0x0000000080a00000, 0x0000000080a00000| Untracked 
|  10|0x0000000080a00000, 0x0000000080b00000, 0x0000000080b00000|100%| O|  |TAMS 0x0000000080a00000, 0x0000000080b00000| Untracked 
|  11|0x0000000080b00000, 0x0000000080c00000, 0x0000000080c00000|100%| O|  |TAMS 0x0000000080c00000, 0x0000000080c00000| Untracked 
|  12|0x0000000080c00000, 0x0000000080d00000, 0x0000000080d00000|100%| O|  |TAMS 0x0000000080d00000, 0x0000000080d00000| Untracked 
|  13|0x0000000080d00000, 0x0000000080e00000, 0x0000000080e00000|100%| O|  |TAMS 0x0000000080e00000, 0x0000000080e00000| Untracked 
|  14|0x0000000080e00000, 0x0000000080f00000, 0x0000000080f00000|100%| O|  |TAMS 0x0000000080f00000, 0x0000000080f00000| Untracked 
|  15|0x0000000080f00000, 0x0000000081000000, 0x0000000081000000|100%| O|  |TAMS 0x0000000081000000, 0x0000000081000000| Untracked 
|  16|0x0000000081000000, 0x0000000081100000, 0x0000000081100000|100%| O|  |TAMS 0x0000000081100000, 0x0000000081100000| Untracked 
|  17|0x0000000081100000, 0x0000000081200000, 0x0000000081200000|100%| O|  |TAMS 0x0000000081200000, 0x0000000081200000| Untracked 
|  18|0x0000000081200000, 0x0000000081300000, 0x0000000081300000|100%| O|  |TAMS 0x0000000081300000, 0x0000000081300000| Untracked 
|  19|0x0000000081300000, 0x0000000081400000, 0x0000000081400000|100%| O|  |TAMS 0x0000000081400000, 0x0000000081400000| Untracked 
|  20|0x0000000081400000, 0x0000000081500000, 0x0000000081500000|100%| O|  |TAMS 0x00000000814bbe00, 0x0000000081500000| Untracked 
|  21|0x0000000081500000, 0x0000000081600000, 0x0000000081600000|100%|HS|  |TAMS 0x0000000081600000, 0x0000000081600000| Complete 
|  22|0x0000000081600000, 0x0000000081700000, 0x0000000081700000|100%|HC|  |TAMS 0x0000000081700000, 0x0000000081700000| Complete 
|  23|0x0000000081700000, 0x0000000081800000, 0x0000000081800000|100%|HS|  |TAMS 0x0000000081800000, 0x0000000081800000| Complete 
|  24|0x0000000081800000, 0x0000000081900000, 0x0000000081900000|100%|HC|  |TAMS 0x0000000081900000, 0x0000000081900000| Complete 
|  25|0x0000000081900000, 0x0000000081a00000, 0x0000000081a00000|100%|HC|  |TAMS 0x0000000081a00000, 0x0000000081a00000| Complete 
|  26|0x0000000081a00000, 0x0000000081b00000, 0x0000000081b00000|100%|HS|  |TAMS 0x0000000081b00000, 0x0000000081b00000| Complete 
|  27|0x0000000081b00000, 0x0000000081c00000, 0x0000000081c00000|100%|HC|  |TAMS 0x0000000081c00000, 0x0000000081c00000| Complete 
|  28|0x0000000081c00000, 0x0000000081d00000, 0x0000000081d00000|100%|HC|  |TAMS 0x0000000081d00000, 0x0000000081d00000| Complete 
|  29|0x0000000081d00000, 0x0000000081e00000, 0x0000000081e00000|100%|HS|  |TAMS 0x0000000081e00000, 0x0000000081e00000| Complete 
|  30|0x0000000081e00000, 0x0000000081f00000, 0x0000000081f00000|100%|HC|  |TAMS 0x0000000081f00000, 0x0000000081f00000| Complete 
|  31|0x0000000081f00000, 0x0000000082000000, 0x0000000082000000|100%| O|  |TAMS 0x0000000081f00000, 0x0000000082000000| Untracked 
|  32|0x0000000082000000, 0x0000000082100000, 0x0000000082100000|100%| O|  |TAMS 0x0000000082000000, 0x0000000082100000| Untracked 
|  33|0x0000000082100000, 0x0000000082103000, 0x0000000082200000|  1%| O|  |TAMS 0x0000000082100000, 0x0000000082103000| Untracked 
|  34|0x0000000082200000, 0x0000000082300000, 0x0000000082300000|100%|HS|  |TAMS 0x0000000082200000, 0x0000000082300000| Complete 
|  35|0x0000000082300000, 0x0000000082400000, 0x0000000082400000|100%|HC|  |TAMS 0x0000000082300000, 0x0000000082400000| Complete 
|  36|0x0000000082400000, 0x0000000082500000, 0x0000000082500000|100%|HC|  |TAMS 0x0000000082400000, 0x0000000082500000| Complete 
|  37|0x0000000082500000, 0x0000000082600000, 0x0000000082600000|100%|HC|  |TAMS 0x0000000082500000, 0x0000000082600000| Complete 
|  38|0x0000000082600000, 0x0000000082700000, 0x0000000082700000|100%|HC|  |TAMS 0x0000000082600000, 0x0000000082700000| Complete 
|  39|0x0000000082700000, 0x0000000082800000, 0x0000000082800000|100%|HC|  |TAMS 0x0000000082700000, 0x0000000082800000| Complete 
|  40|0x0000000082800000, 0x0000000082900000, 0x0000000082900000|100%|HC|  |TAMS 0x0000000082800000, 0x0000000082900000| Complete 
|  41|0x0000000082900000, 0x0000000082a00000, 0x0000000082a00000|100%|HC|  |TAMS 0x0000000082900000, 0x0000000082a00000| Complete 
|  42|0x0000000082a00000, 0x0000000082b00000, 0x0000000082b00000|100%|HC|  |TAMS 0x0000000082a00000, 0x0000000082b00000| Complete 
|  43|0x0000000082b00000, 0x0000000082c00000, 0x0000000082c00000|100%|HC|  |TAMS 0x0000000082b00000, 0x0000000082c00000| Complete 
|  44|0x0000000082c00000, 0x0000000082d00000, 0x0000000082d00000|100%|HS|  |TAMS 0x0000000082c00000, 0x0000000082d00000| Complete 
|  45|0x0000000082d00000, 0x0000000082e00000, 0x0000000082e00000|100%|HC|  |TAMS 0x0000000082d00000, 0x0000000082e00000| Complete 
|  46|0x0000000082e00000, 0x0000000082f00000, 0x0000000082f00000|100%|HS|  |TAMS 0x0000000082e00000, 0x0000000082e00000| Complete 
|  47|0x0000000082f00000, 0x0000000083000000, 0x0000000083000000|100%|HC|  |TAMS 0x0000000082f00000, 0x0000000082f00000| Complete 
|  48|0x0000000083000000, 0x0000000083100000, 0x0000000083100000|100%|HC|  |TAMS 0x0000000083000000, 0x0000000083000000| Complete 
|  49|0x0000000083100000, 0x0000000083200000, 0x0000000083200000|100%|HC|  |TAMS 0x0000000083100000, 0x0000000083100000| Complete 
|  50|0x0000000083200000, 0x0000000083300000, 0x0000000083300000|100%|HC|  |TAMS 0x0000000083200000, 0x0000000083200000| Complete 
|  51|0x0000000083300000, 0x0000000083400000, 0x0000000083400000|100%|HC|  |TAMS 0x0000000083300000, 0x0000000083300000| Complete 
|  52|0x0000000083400000, 0x0000000083500000, 0x0000000083500000|100%|HS|  |TAMS 0x0000000083400000, 0x0000000083400000| Complete 
|  53|0x0000000083500000, 0x0000000083500000, 0x0000000083600000|  0%| F|  |TAMS 0x0000000083500000, 0x0000000083500000| Untracked 
|  54|0x0000000083600000, 0x0000000083600000, 0x0000000083700000|  0%| F|  |TAMS 0x0000000083600000, 0x0000000083600000| Untracked 
|  55|0x0000000083700000, 0x0000000083700000, 0x0000000083800000|  0%| F|  |TAMS 0x0000000083700000, 0x0000000083700000| Untracked 
|  56|0x0000000083800000, 0x0000000083800000, 0x0000000083900000|  0%| F|  |TAMS 0x0000000083800000, 0x0000000083800000| Untracked 
|  57|0x0000000083900000, 0x0000000083900000, 0x0000000083a00000|  0%| F|  |TAMS 0x0000000083900000, 0x0000000083900000| Untracked 
|  58|0x0000000083a00000, 0x0000000083a00000, 0x0000000083b00000|  0%| F|  |TAMS 0x0000000083a00000, 0x0000000083a00000| Untracked 
|  59|0x0000000083b00000, 0x0000000083b00000, 0x0000000083c00000|  0%| F|  |TAMS 0x0000000083b00000, 0x0000000083b00000| Untracked 
|  60|0x0000000083c00000, 0x0000000083c00000, 0x0000000083d00000|  0%| F|  |TAMS 0x0000000083c00000, 0x0000000083c00000| Untracked 
|  61|0x0000000083d00000, 0x0000000083d00000, 0x0000000083e00000|  0%| F|  |TAMS 0x0000000083d00000, 0x0000000083d00000| Untracked 
|  62|0x0000000083e00000, 0x0000000083e00000, 0x0000000083f00000|  0%| F|  |TAMS 0x0000000083e00000, 0x0000000083e00000| Untracked 
|  63|0x0000000083f00000, 0x0000000083f00000, 0x0000000084000000|  0%| F|  |TAMS 0x0000000083f00000, 0x0000000083f00000| Untracked 
|  64|0x0000000084000000, 0x0000000084000000, 0x0000000084100000|  0%| F|  |TAMS 0x0000000084000000, 0x0000000084000000| Untracked 
|  65|0x0000000084100000, 0x0000000084100000, 0x0000000084200000|  0%| F|  |TAMS 0x0000000084100000, 0x0000000084100000| Untracked 
|  66|0x0000000084200000, 0x0000000084200000, 0x0000000084300000|  0%| F|  |TAMS 0x0000000084200000, 0x0000000084200000| Untracked 
|  67|0x0000000084300000, 0x0000000084300000, 0x0000000084400000|  0%| F|  |TAMS 0x0000000084300000, 0x0000000084300000| Untracked 
|  68|0x0000000084400000, 0x0000000084400000, 0x0000000084500000|  0%| F|  |TAMS 0x0000000084400000, 0x0000000084400000| Untracked 
|  69|0x0000000084500000, 0x0000000084500000, 0x0000000084600000|  0%| F|  |TAMS 0x0000000084500000, 0x0000000084500000| Untracked 
|  70|0x0000000084600000, 0x0000000084600000, 0x0000000084700000|  0%| F|  |TAMS 0x0000000084600000, 0x0000000084600000| Untracked 
|  71|0x0000000084700000, 0x0000000084700000, 0x0000000084800000|  0%| F|  |TAMS 0x0000000084700000, 0x0000000084700000| Untracked 
|  72|0x0000000084800000, 0x0000000084800000, 0x0000000084900000|  0%| F|  |TAMS 0x0000000084800000, 0x0000000084800000| Untracked 
|  73|0x0000000084900000, 0x0000000084900000, 0x0000000084a00000|  0%| F|  |TAMS 0x0000000084900000, 0x0000000084900000| Untracked 
|  74|0x0000000084a00000, 0x0000000084a00000, 0x0000000084b00000|  0%| F|  |TAMS 0x0000000084a00000, 0x0000000084a00000| Untracked 
|  75|0x0000000084b00000, 0x0000000084b00000, 0x0000000084c00000|  0%| F|  |TAMS 0x0000000084b00000, 0x0000000084b00000| Untracked 
|  76|0x0000000084c00000, 0x0000000084c00000, 0x0000000084d00000|  0%| F|  |TAMS 0x0000000084c00000, 0x0000000084c00000| Untracked 
|  77|0x0000000084d00000, 0x0000000084d00000, 0x0000000084e00000|  0%| F|  |TAMS 0x0000000084d00000, 0x0000000084d00000| Untracked 
|  78|0x0000000084e00000, 0x0000000084e00000, 0x0000000084f00000|  0%| F|  |TAMS 0x0000000084e00000, 0x0000000084e00000| Untracked 
|  79|0x0000000084f00000, 0x0000000084f00000, 0x0000000085000000|  0%| F|  |TAMS 0x0000000084f00000, 0x0000000084f00000| Untracked 
|  80|0x0000000085000000, 0x0000000085000000, 0x0000000085100000|  0%| F|  |TAMS 0x0000000085000000, 0x0000000085000000| Untracked 
|  81|0x0000000085100000, 0x0000000085100000, 0x0000000085200000|  0%| F|  |TAMS 0x0000000085100000, 0x0000000085100000| Untracked 
|  82|0x0000000085200000, 0x0000000085200000, 0x0000000085300000|  0%| F|  |TAMS 0x0000000085200000, 0x0000000085200000| Untracked 
|  83|0x0000000085300000, 0x0000000085300000, 0x0000000085400000|  0%| F|  |TAMS 0x0000000085300000, 0x0000000085300000| Untracked 
|  84|0x0000000085400000, 0x0000000085400000, 0x0000000085500000|  0%| F|  |TAMS 0x0000000085400000, 0x0000000085400000| Untracked 
|  85|0x0000000085500000, 0x0000000085500000, 0x0000000085600000|  0%| F|  |TAMS 0x0000000085500000, 0x0000000085500000| Untracked 
|  86|0x0000000085600000, 0x0000000085600000, 0x0000000085700000|  0%| F|  |TAMS 0x0000000085600000, 0x0000000085600000| Untracked 
|  87|0x0000000085700000, 0x0000000085700000, 0x0000000085800000|  0%| F|  |TAMS 0x0000000085700000, 0x0000000085700000| Untracked 
|  88|0x0000000085800000, 0x0000000085800000, 0x0000000085900000|  0%| F|  |TAMS 0x0000000085800000, 0x0000000085800000| Untracked 
|  89|0x0000000085900000, 0x0000000085900000, 0x0000000085a00000|  0%| F|  |TAMS 0x0000000085900000, 0x0000000085900000| Untracked 
|  90|0x0000000085a00000, 0x0000000085a00000, 0x0000000085b00000|  0%| F|  |TAMS 0x0000000085a00000, 0x0000000085a00000| Untracked 
|  91|0x0000000085b00000, 0x0000000085b00000, 0x0000000085c00000|  0%| F|  |TAMS 0x0000000085b00000, 0x0000000085b00000| Untracked 
|  92|0x0000000085c00000, 0x0000000085c00000, 0x0000000085d00000|  0%| F|  |TAMS 0x0000000085c00000, 0x0000000085c00000| Untracked 
|  93|0x0000000085d00000, 0x0000000085d00000, 0x0000000085e00000|  0%| F|  |TAMS 0x0000000085d00000, 0x0000000085d00000| Untracked 
|  94|0x0000000085e00000, 0x0000000085e00000, 0x0000000085f00000|  0%| F|  |TAMS 0x0000000085e00000, 0x0000000085e00000| Untracked 
|  95|0x0000000085f00000, 0x0000000085f00000, 0x0000000086000000|  0%| F|  |TAMS 0x0000000085f00000, 0x0000000085f00000| Untracked 
|  96|0x0000000086000000, 0x0000000086000000, 0x0000000086100000|  0%| F|  |TAMS 0x0000000086000000, 0x0000000086000000| Untracked 
|  97|0x0000000086100000, 0x0000000086100000, 0x0000000086200000|  0%| F|  |TAMS 0x0000000086100000, 0x0000000086100000| Untracked 
|  98|0x0000000086200000, 0x0000000086200000, 0x0000000086300000|  0%| F|  |TAMS 0x0000000086200000, 0x0000000086200000| Untracked 
|  99|0x0000000086300000, 0x0000000086300000, 0x0000000086400000|  0%| F|  |TAMS 0x0000000086300000, 0x0000000086300000| Untracked 
| 100|0x0000000086400000, 0x0000000086400000, 0x0000000086500000|  0%| F|  |TAMS 0x0000000086400000, 0x0000000086400000| Untracked 
| 101|0x0000000086500000, 0x0000000086500000, 0x0000000086600000|  0%| F|  |TAMS 0x0000000086500000, 0x0000000086500000| Untracked 
| 102|0x0000000086600000, 0x0000000086600000, 0x0000000086700000|  0%| F|  |TAMS 0x0000000086600000, 0x0000000086600000| Untracked 
| 103|0x0000000086700000, 0x0000000086700000, 0x0000000086800000|  0%| F|  |TAMS 0x0000000086700000, 0x0000000086700000| Untracked 
| 104|0x0000000086800000, 0x0000000086800000, 0x0000000086900000|  0%| F|  |TAMS 0x0000000086800000, 0x0000000086800000| Untracked 
| 105|0x0000000086900000, 0x0000000086900000, 0x0000000086a00000|  0%| F|  |TAMS 0x0000000086900000, 0x0000000086900000| Untracked 
| 106|0x0000000086a00000, 0x0000000086a00000, 0x0000000086b00000|  0%| F|  |TAMS 0x0000000086a00000, 0x0000000086a00000| Untracked 
| 107|0x0000000086b00000, 0x0000000086b00000, 0x0000000086c00000|  0%| F|  |TAMS 0x0000000086b00000, 0x0000000086b00000| Untracked 
| 108|0x0000000086c00000, 0x0000000086c00000, 0x0000000086d00000|  0%| F|  |TAMS 0x0000000086c00000, 0x0000000086c00000| Untracked 
| 109|0x0000000086d00000, 0x0000000086d00000, 0x0000000086e00000|  0%| F|  |TAMS 0x0000000086d00000, 0x0000000086d00000| Untracked 
| 110|0x0000000086e00000, 0x0000000086e00000, 0x0000000086f00000|  0%| F|  |TAMS 0x0000000086e00000, 0x0000000086e00000| Untracked 
| 111|0x0000000086f00000, 0x0000000086f00000, 0x0000000087000000|  0%| F|  |TAMS 0x0000000086f00000, 0x0000000086f00000| Untracked 
| 112|0x0000000087000000, 0x0000000087000000, 0x0000000087100000|  0%| F|  |TAMS 0x0000000087000000, 0x0000000087000000| Untracked 
| 113|0x0000000087100000, 0x0000000087100000, 0x0000000087200000|  0%| F|  |TAMS 0x0000000087100000, 0x0000000087100000| Untracked 
| 114|0x0000000087200000, 0x0000000087200000, 0x0000000087300000|  0%| F|  |TAMS 0x0000000087200000, 0x0000000087200000| Untracked 
| 115|0x0000000087300000, 0x0000000087300000, 0x0000000087400000|  0%| F|  |TAMS 0x0000000087300000, 0x0000000087300000| Untracked 
| 116|0x0000000087400000, 0x0000000087400000, 0x0000000087500000|  0%| F|  |TAMS 0x0000000087400000, 0x0000000087400000| Untracked 
| 117|0x0000000087500000, 0x0000000087500000, 0x0000000087600000|  0%| F|  |TAMS 0x0000000087500000, 0x0000000087500000| Untracked 
| 118|0x0000000087600000, 0x0000000087600000, 0x0000000087700000|  0%| F|  |TAMS 0x0000000087600000, 0x0000000087600000| Untracked 
| 119|0x0000000087700000, 0x0000000087700000, 0x0000000087800000|  0%| F|  |TAMS 0x0000000087700000, 0x0000000087700000| Untracked 
| 120|0x0000000087800000, 0x0000000087800000, 0x0000000087900000|  0%| F|  |TAMS 0x0000000087800000, 0x0000000087800000| Untracked 
| 121|0x0000000087900000, 0x0000000087900000, 0x0000000087a00000|  0%| F|  |TAMS 0x0000000087900000, 0x0000000087900000| Untracked 
| 122|0x0000000087a00000, 0x0000000087a00000, 0x0000000087b00000|  0%| F|  |TAMS 0x0000000087a00000, 0x0000000087a00000| Untracked 
| 123|0x0000000087b00000, 0x0000000087b00000, 0x0000000087c00000|  0%| F|  |TAMS 0x0000000087b00000, 0x0000000087b00000| Untracked 
| 124|0x0000000087c00000, 0x0000000087c00000, 0x0000000087d00000|  0%| F|  |TAMS 0x0000000087c00000, 0x0000000087c00000| Untracked 
| 125|0x0000000087d00000, 0x0000000087d00000, 0x0000000087e00000|  0%| F|  |TAMS 0x0000000087d00000, 0x0000000087d00000| Untracked 
| 126|0x0000000087e00000, 0x0000000087e00000, 0x0000000087f00000|  0%| F|  |TAMS 0x0000000087e00000, 0x0000000087e00000| Untracked 
| 127|0x0000000087f00000, 0x0000000087f00000, 0x0000000088000000|  0%| F|  |TAMS 0x0000000087f00000, 0x0000000087f00000| Untracked 
| 128|0x0000000088000000, 0x0000000088000000, 0x0000000088100000|  0%| F|  |TAMS 0x0000000088000000, 0x0000000088000000| Untracked 
| 129|0x0000000088100000, 0x0000000088100000, 0x0000000088200000|  0%| F|  |TAMS 0x0000000088100000, 0x0000000088100000| Untracked 
| 130|0x0000000088200000, 0x0000000088200000, 0x0000000088300000|  0%| F|  |TAMS 0x0000000088200000, 0x0000000088200000| Untracked 
| 131|0x0000000088300000, 0x0000000088300000, 0x0000000088400000|  0%| F|  |TAMS 0x0000000088300000, 0x0000000088300000| Untracked 
| 132|0x0000000088400000, 0x0000000088400000, 0x0000000088500000|  0%| F|  |TAMS 0x0000000088400000, 0x0000000088400000| Untracked 
| 133|0x0000000088500000, 0x0000000088500000, 0x0000000088600000|  0%| F|  |TAMS 0x0000000088500000, 0x0000000088500000| Untracked 
| 134|0x0000000088600000, 0x0000000088600000, 0x0000000088700000|  0%| F|  |TAMS 0x0000000088600000, 0x0000000088600000| Untracked 
| 135|0x0000000088700000, 0x0000000088700000, 0x0000000088800000|  0%| F|  |TAMS 0x0000000088700000, 0x0000000088700000| Untracked 
| 136|0x0000000088800000, 0x0000000088800000, 0x0000000088900000|  0%| F|  |TAMS 0x0000000088800000, 0x0000000088800000| Untracked 
| 137|0x0000000088900000, 0x0000000088900000, 0x0000000088a00000|  0%| F|  |TAMS 0x0000000088900000, 0x0000000088900000| Untracked 
| 138|0x0000000088a00000, 0x0000000088a00000, 0x0000000088b00000|  0%| F|  |TAMS 0x0000000088a00000, 0x0000000088a00000| Untracked 
| 139|0x0000000088b00000, 0x0000000088b00000, 0x0000000088c00000|  0%| F|  |TAMS 0x0000000088b00000, 0x0000000088b00000| Untracked 
| 140|0x0000000088c00000, 0x0000000088c00000, 0x0000000088d00000|  0%| F|  |TAMS 0x0000000088c00000, 0x0000000088c00000| Untracked 
| 141|0x0000000088d00000, 0x0000000088d00000, 0x0000000088e00000|  0%| F|  |TAMS 0x0000000088d00000, 0x0000000088d00000| Untracked 
| 142|0x0000000088e00000, 0x0000000088e00000, 0x0000000088f00000|  0%| F|  |TAMS 0x0000000088e00000, 0x0000000088e00000| Untracked 
| 143|0x0000000088f00000, 0x0000000088f00000, 0x0000000089000000|  0%| F|  |TAMS 0x0000000088f00000, 0x0000000088f00000| Untracked 
| 144|0x0000000089000000, 0x0000000089000000, 0x0000000089100000|  0%| F|  |TAMS 0x0000000089000000, 0x0000000089000000| Untracked 
| 145|0x0000000089100000, 0x0000000089100000, 0x0000000089200000|  0%| F|  |TAMS 0x0000000089100000, 0x0000000089100000| Untracked 
| 146|0x0000000089200000, 0x0000000089200000, 0x0000000089300000|  0%| F|  |TAMS 0x0000000089200000, 0x0000000089200000| Untracked 
| 147|0x0000000089300000, 0x0000000089300000, 0x0000000089400000|  0%| F|  |TAMS 0x0000000089300000, 0x0000000089300000| Untracked 
| 148|0x0000000089400000, 0x0000000089400000, 0x0000000089500000|  0%| F|  |TAMS 0x0000000089400000, 0x0000000089400000| Untracked 
| 149|0x0000000089500000, 0x0000000089500000, 0x0000000089600000|  0%| F|  |TAMS 0x0000000089500000, 0x0000000089500000| Untracked 
| 150|0x0000000089600000, 0x0000000089600000, 0x0000000089700000|  0%| F|  |TAMS 0x0000000089600000, 0x0000000089600000| Untracked 
| 151|0x0000000089700000, 0x0000000089700000, 0x0000000089800000|  0%| F|  |TAMS 0x0000000089700000, 0x0000000089700000| Untracked 
| 152|0x0000000089800000, 0x0000000089800000, 0x0000000089900000|  0%| F|  |TAMS 0x0000000089800000, 0x0000000089800000| Untracked 
| 153|0x0000000089900000, 0x0000000089900000, 0x0000000089a00000|  0%| F|  |TAMS 0x0000000089900000, 0x0000000089900000| Untracked 
| 154|0x0000000089a00000, 0x0000000089a00000, 0x0000000089b00000|  0%| F|  |TAMS 0x0000000089a00000, 0x0000000089a00000| Untracked 
| 155|0x0000000089b00000, 0x0000000089b00000, 0x0000000089c00000|  0%| F|  |TAMS 0x0000000089b00000, 0x0000000089b00000| Untracked 
| 156|0x0000000089c00000, 0x0000000089c00000, 0x0000000089d00000|  0%| F|  |TAMS 0x0000000089c00000, 0x0000000089c00000| Untracked 
| 157|0x0000000089d00000, 0x0000000089d00000, 0x0000000089e00000|  0%| F|  |TAMS 0x0000000089d00000, 0x0000000089d00000| Untracked 
| 158|0x0000000089e00000, 0x0000000089e00000, 0x0000000089f00000|  0%| F|  |TAMS 0x0000000089e00000, 0x0000000089e00000| Untracked 
| 159|0x0000000089f00000, 0x0000000089f00000, 0x000000008a000000|  0%| F|  |TAMS 0x0000000089f00000, 0x0000000089f00000| Untracked 
| 160|0x000000008a000000, 0x000000008a000000, 0x000000008a100000|  0%| F|  |TAMS 0x000000008a000000, 0x000000008a000000| Untracked 
| 161|0x000000008a100000, 0x000000008a100000, 0x000000008a200000|  0%| F|  |TAMS 0x000000008a100000, 0x000000008a100000| Untracked 
| 162|0x000000008a200000, 0x000000008a200000, 0x000000008a300000|  0%| F|  |TAMS 0x000000008a200000, 0x000000008a200000| Untracked 
| 163|0x000000008a300000, 0x000000008a300000, 0x000000008a400000|  0%| F|  |TAMS 0x000000008a300000, 0x000000008a300000| Untracked 
| 164|0x000000008a400000, 0x000000008a400000, 0x000000008a500000|  0%| F|  |TAMS 0x000000008a400000, 0x000000008a400000| Untracked 
| 165|0x000000008a500000, 0x000000008a500000, 0x000000008a600000|  0%| F|  |TAMS 0x000000008a500000, 0x000000008a500000| Untracked 
| 166|0x000000008a600000, 0x000000008a600000, 0x000000008a700000|  0%| F|  |TAMS 0x000000008a600000, 0x000000008a600000| Untracked 
| 167|0x000000008a700000, 0x000000008a700000, 0x000000008a800000|  0%| F|  |TAMS 0x000000008a700000, 0x000000008a700000| Untracked 
| 168|0x000000008a800000, 0x000000008a800000, 0x000000008a900000|  0%| F|  |TAMS 0x000000008a800000, 0x000000008a800000| Untracked 
| 169|0x000000008a900000, 0x000000008a900000, 0x000000008aa00000|  0%| F|  |TAMS 0x000000008a900000, 0x000000008a900000| Untracked 
| 170|0x000000008aa00000, 0x000000008aa00000, 0x000000008ab00000|  0%| F|  |TAMS 0x000000008aa00000, 0x000000008aa00000| Untracked 
| 171|0x000000008ab00000, 0x000000008ab00000, 0x000000008ac00000|  0%| F|  |TAMS 0x000000008ab00000, 0x000000008ab00000| Untracked 
| 172|0x000000008ac00000, 0x000000008ac00000, 0x000000008ad00000|  0%| F|  |TAMS 0x000000008ac00000, 0x000000008ac00000| Untracked 
| 173|0x000000008ad00000, 0x000000008ad00000, 0x000000008ae00000|  0%| F|  |TAMS 0x000000008ad00000, 0x000000008ad00000| Untracked 
| 174|0x000000008ae00000, 0x000000008ae00000, 0x000000008af00000|  0%| F|  |TAMS 0x000000008ae00000, 0x000000008ae00000| Untracked 
| 175|0x000000008af00000, 0x000000008af00000, 0x000000008b000000|  0%| F|  |TAMS 0x000000008af00000, 0x000000008af00000| Untracked 
| 176|0x000000008b000000, 0x000000008b000000, 0x000000008b100000|  0%| F|  |TAMS 0x000000008b000000, 0x000000008b000000| Untracked 
| 177|0x000000008b100000, 0x000000008b100000, 0x000000008b200000|  0%| F|  |TAMS 0x000000008b100000, 0x000000008b100000| Untracked 
| 178|0x000000008b200000, 0x000000008b200000, 0x000000008b300000|  0%| F|  |TAMS 0x000000008b200000, 0x000000008b200000| Untracked 
| 179|0x000000008b300000, 0x000000008b300000, 0x000000008b400000|  0%| F|  |TAMS 0x000000008b300000, 0x000000008b300000| Untracked 
| 180|0x000000008b400000, 0x000000008b400000, 0x000000008b500000|  0%| F|  |TAMS 0x000000008b400000, 0x000000008b400000| Untracked 
| 181|0x000000008b500000, 0x000000008b500000, 0x000000008b600000|  0%| F|  |TAMS 0x000000008b500000, 0x000000008b500000| Untracked 
| 182|0x000000008b600000, 0x000000008b600000, 0x000000008b700000|  0%| F|  |TAMS 0x000000008b600000, 0x000000008b600000| Untracked 
| 183|0x000000008b700000, 0x000000008b700000, 0x000000008b800000|  0%| F|  |TAMS 0x000000008b700000, 0x000000008b700000| Untracked 
| 184|0x000000008b800000, 0x000000008b800000, 0x000000008b900000|  0%| F|  |TAMS 0x000000008b800000, 0x000000008b800000| Untracked 
| 185|0x000000008b900000, 0x000000008b900000, 0x000000008ba00000|  0%| F|  |TAMS 0x000000008b900000, 0x000000008b900000| Untracked 
| 186|0x000000008ba00000, 0x000000008ba00000, 0x000000008bb00000|  0%| F|  |TAMS 0x000000008ba00000, 0x000000008ba00000| Untracked 
| 187|0x000000008bb00000, 0x000000008bb00000, 0x000000008bc00000|  0%| F|  |TAMS 0x000000008bb00000, 0x000000008bb00000| Untracked 
| 188|0x000000008bc00000, 0x000000008bc00000, 0x000000008bd00000|  0%| F|  |TAMS 0x000000008bc00000, 0x000000008bc00000| Untracked 
| 189|0x000000008bd00000, 0x000000008bd00000, 0x000000008be00000|  0%| F|  |TAMS 0x000000008bd00000, 0x000000008bd00000| Untracked 
| 190|0x000000008be00000, 0x000000008be00000, 0x000000008bf00000|  0%| F|  |TAMS 0x000000008be00000, 0x000000008be00000| Untracked 
| 191|0x000000008bf00000, 0x000000008bf00000, 0x000000008c000000|  0%| F|  |TAMS 0x000000008bf00000, 0x000000008bf00000| Untracked 
| 192|0x000000008c000000, 0x000000008c000000, 0x000000008c100000|  0%| F|  |TAMS 0x000000008c000000, 0x000000008c000000| Untracked 
| 193|0x000000008c100000, 0x000000008c100000, 0x000000008c200000|  0%| F|  |TAMS 0x000000008c100000, 0x000000008c100000| Untracked 
| 194|0x000000008c200000, 0x000000008c200000, 0x000000008c300000|  0%| F|  |TAMS 0x000000008c200000, 0x000000008c200000| Untracked 
| 195|0x000000008c300000, 0x000000008c300000, 0x000000008c400000|  0%| F|  |TAMS 0x000000008c300000, 0x000000008c300000| Untracked 
| 196|0x000000008c400000, 0x000000008c400000, 0x000000008c500000|  0%| F|  |TAMS 0x000000008c400000, 0x000000008c400000| Untracked 
| 197|0x000000008c500000, 0x000000008c500000, 0x000000008c600000|  0%| F|  |TAMS 0x000000008c500000, 0x000000008c500000| Untracked 
| 198|0x000000008c600000, 0x000000008c600000, 0x000000008c700000|  0%| F|  |TAMS 0x000000008c600000, 0x000000008c600000| Untracked 
| 199|0x000000008c700000, 0x000000008c700000, 0x000000008c800000|  0%| F|  |TAMS 0x000000008c700000, 0x000000008c700000| Untracked 
| 200|0x000000008c800000, 0x000000008c800000, 0x000000008c900000|  0%| F|  |TAMS 0x000000008c800000, 0x000000008c800000| Untracked 
| 201|0x000000008c900000, 0x000000008c900000, 0x000000008ca00000|  0%| F|  |TAMS 0x000000008c900000, 0x000000008c900000| Untracked 
| 202|0x000000008ca00000, 0x000000008ca00000, 0x000000008cb00000|  0%| F|  |TAMS 0x000000008ca00000, 0x000000008ca00000| Untracked 
| 203|0x000000008cb00000, 0x000000008cb00000, 0x000000008cc00000|  0%| F|  |TAMS 0x000000008cb00000, 0x000000008cb00000| Untracked 
| 204|0x000000008cc00000, 0x000000008cc00000, 0x000000008cd00000|  0%| F|  |TAMS 0x000000008cc00000, 0x000000008cc00000| Untracked 
| 205|0x000000008cd00000, 0x000000008cd00000, 0x000000008ce00000|  0%| F|  |TAMS 0x000000008cd00000, 0x000000008cd00000| Untracked 
| 206|0x000000008ce00000, 0x000000008ce00000, 0x000000008cf00000|  0%| F|  |TAMS 0x000000008ce00000, 0x000000008ce00000| Untracked 
| 207|0x000000008cf00000, 0x000000008cf00000, 0x000000008d000000|  0%| F|  |TAMS 0x000000008cf00000, 0x000000008cf00000| Untracked 
| 208|0x000000008d000000, 0x000000008d000000, 0x000000008d100000|  0%| F|  |TAMS 0x000000008d000000, 0x000000008d000000| Untracked 
| 209|0x000000008d100000, 0x000000008d100000, 0x000000008d200000|  0%| F|  |TAMS 0x000000008d100000, 0x000000008d100000| Untracked 
| 210|0x000000008d200000, 0x000000008d200000, 0x000000008d300000|  0%| F|  |TAMS 0x000000008d200000, 0x000000008d200000| Untracked 
| 211|0x000000008d300000, 0x000000008d300000, 0x000000008d400000|  0%| F|  |TAMS 0x000000008d300000, 0x000000008d300000| Untracked 
| 212|0x000000008d400000, 0x000000008d400000, 0x000000008d500000|  0%| F|  |TAMS 0x000000008d400000, 0x000000008d400000| Untracked 
| 213|0x000000008d500000, 0x000000008d500000, 0x000000008d600000|  0%| F|  |TAMS 0x000000008d500000, 0x000000008d500000| Untracked 
| 214|0x000000008d600000, 0x000000008d600000, 0x000000008d700000|  0%| F|  |TAMS 0x000000008d600000, 0x000000008d600000| Untracked 
| 215|0x000000008d700000, 0x000000008d700000, 0x000000008d800000|  0%| F|  |TAMS 0x000000008d700000, 0x000000008d700000| Untracked 
| 216|0x000000008d800000, 0x000000008d800000, 0x000000008d900000|  0%| F|  |TAMS 0x000000008d800000, 0x000000008d800000| Untracked 
| 217|0x000000008d900000, 0x000000008d900000, 0x000000008da00000|  0%| F|  |TAMS 0x000000008d900000, 0x000000008d900000| Untracked 
| 218|0x000000008da00000, 0x000000008da00000, 0x000000008db00000|  0%| F|  |TAMS 0x000000008da00000, 0x000000008da00000| Untracked 
| 219|0x000000008db00000, 0x000000008db00000, 0x000000008dc00000|  0%| F|  |TAMS 0x000000008db00000, 0x000000008db00000| Untracked 
| 220|0x000000008dc00000, 0x000000008dc00000, 0x000000008dd00000|  0%| F|  |TAMS 0x000000008dc00000, 0x000000008dc00000| Untracked 
| 221|0x000000008dd00000, 0x000000008dd00000, 0x000000008de00000|  0%| F|  |TAMS 0x000000008dd00000, 0x000000008dd00000| Untracked 
| 222|0x000000008de00000, 0x000000008de00000, 0x000000008df00000|  0%| F|  |TAMS 0x000000008de00000, 0x000000008de00000| Untracked 
| 223|0x000000008df00000, 0x000000008df00000, 0x000000008e000000|  0%| F|  |TAMS 0x000000008df00000, 0x000000008df00000| Untracked 
| 224|0x000000008e000000, 0x000000008e000000, 0x000000008e100000|  0%| F|  |TAMS 0x000000008e000000, 0x000000008e000000| Untracked 
| 225|0x000000008e100000, 0x000000008e100000, 0x000000008e200000|  0%| F|  |TAMS 0x000000008e100000, 0x000000008e100000| Untracked 
| 226|0x000000008e200000, 0x000000008e200000, 0x000000008e300000|  0%| F|  |TAMS 0x000000008e200000, 0x000000008e200000| Untracked 
| 227|0x000000008e300000, 0x000000008e300000, 0x000000008e400000|  0%| F|  |TAMS 0x000000008e300000, 0x000000008e300000| Untracked 
| 228|0x000000008e400000, 0x000000008e400000, 0x000000008e500000|  0%| F|  |TAMS 0x000000008e400000, 0x000000008e400000| Untracked 
| 229|0x000000008e500000, 0x000000008e500000, 0x000000008e600000|  0%| F|  |TAMS 0x000000008e500000, 0x000000008e500000| Untracked 
| 230|0x000000008e600000, 0x000000008e600000, 0x000000008e700000|  0%| F|  |TAMS 0x000000008e600000, 0x000000008e600000| Untracked 
| 231|0x000000008e700000, 0x000000008e700000, 0x000000008e800000|  0%| F|  |TAMS 0x000000008e700000, 0x000000008e700000| Untracked 
| 232|0x000000008e800000, 0x000000008e800000, 0x000000008e900000|  0%| F|  |TAMS 0x000000008e800000, 0x000000008e800000| Untracked 
| 233|0x000000008e900000, 0x000000008e900000, 0x000000008ea00000|  0%| F|  |TAMS 0x000000008e900000, 0x000000008e900000| Untracked 
| 234|0x000000008ea00000, 0x000000008ea00000, 0x000000008eb00000|  0%| F|  |TAMS 0x000000008ea00000, 0x000000008ea00000| Untracked 
| 235|0x000000008eb00000, 0x000000008eb00000, 0x000000008ec00000|  0%| F|  |TAMS 0x000000008eb00000, 0x000000008eb00000| Untracked 
| 236|0x000000008ec00000, 0x000000008ec00000, 0x000000008ed00000|  0%| F|  |TAMS 0x000000008ec00000, 0x000000008ec00000| Untracked 
| 237|0x000000008ed00000, 0x000000008ed00000, 0x000000008ee00000|  0%| F|  |TAMS 0x000000008ed00000, 0x000000008ed00000| Untracked 
| 238|0x000000008ee00000, 0x000000008ee00000, 0x000000008ef00000|  0%| F|  |TAMS 0x000000008ee00000, 0x000000008ee00000| Untracked 
| 239|0x000000008ef00000, 0x000000008ef00000, 0x000000008f000000|  0%| F|  |TAMS 0x000000008ef00000, 0x000000008ef00000| Untracked 
| 240|0x000000008f000000, 0x000000008f000000, 0x000000008f100000|  0%| F|  |TAMS 0x000000008f000000, 0x000000008f000000| Untracked 
| 241|0x000000008f100000, 0x000000008f100000, 0x000000008f200000|  0%| F|  |TAMS 0x000000008f100000, 0x000000008f100000| Untracked 
| 242|0x000000008f200000, 0x000000008f200000, 0x000000008f300000|  0%| F|  |TAMS 0x000000008f200000, 0x000000008f200000| Untracked 
| 243|0x000000008f300000, 0x000000008f300000, 0x000000008f400000|  0%| F|  |TAMS 0x000000008f300000, 0x000000008f300000| Untracked 
| 244|0x000000008f400000, 0x000000008f400000, 0x000000008f500000|  0%| F|  |TAMS 0x000000008f400000, 0x000000008f400000| Untracked 
| 245|0x000000008f500000, 0x000000008f500000, 0x000000008f600000|  0%| F|  |TAMS 0x000000008f500000, 0x000000008f500000| Untracked 
| 246|0x000000008f600000, 0x000000008f600000, 0x000000008f700000|  0%| F|  |TAMS 0x000000008f600000, 0x000000008f600000| Untracked 
| 247|0x000000008f700000, 0x000000008f700000, 0x000000008f800000|  0%| F|  |TAMS 0x000000008f700000, 0x000000008f700000| Untracked 
| 248|0x000000008f800000, 0x000000008f800000, 0x000000008f900000|  0%| F|  |TAMS 0x000000008f800000, 0x000000008f800000| Untracked 
| 249|0x000000008f900000, 0x000000008f900000, 0x000000008fa00000|  0%| F|  |TAMS 0x000000008f900000, 0x000000008f900000| Untracked 
| 250|0x000000008fa00000, 0x000000008fa00000, 0x000000008fb00000|  0%| F|  |TAMS 0x000000008fa00000, 0x000000008fa00000| Untracked 
| 251|0x000000008fb00000, 0x000000008fb00000, 0x000000008fc00000|  0%| F|  |TAMS 0x000000008fb00000, 0x000000008fb00000| Untracked 
| 252|0x000000008fc00000, 0x000000008fc00000, 0x000000008fd00000|  0%| F|  |TAMS 0x000000008fc00000, 0x000000008fc00000| Untracked 
| 253|0x000000008fd00000, 0x000000008fd00000, 0x000000008fe00000|  0%| F|  |TAMS 0x000000008fd00000, 0x000000008fd00000| Untracked 
| 254|0x000000008fe00000, 0x000000008fe00000, 0x000000008ff00000|  0%| F|  |TAMS 0x000000008fe00000, 0x000000008fe00000| Untracked 
| 255|0x000000008ff00000, 0x000000008ff00000, 0x0000000090000000|  0%| F|  |TAMS 0x000000008ff00000, 0x000000008ff00000| Untracked 
| 256|0x0000000090000000, 0x0000000090000000, 0x0000000090100000|  0%| F|  |TAMS 0x0000000090000000, 0x0000000090000000| Untracked 
| 257|0x0000000090100000, 0x0000000090100000, 0x0000000090200000|  0%| F|  |TAMS 0x0000000090100000, 0x0000000090100000| Untracked 
| 258|0x0000000090200000, 0x0000000090200000, 0x0000000090300000|  0%| F|  |TAMS 0x0000000090200000, 0x0000000090200000| Untracked 
| 259|0x0000000090300000, 0x0000000090300000, 0x0000000090400000|  0%| F|  |TAMS 0x0000000090300000, 0x0000000090300000| Untracked 
| 260|0x0000000090400000, 0x0000000090400000, 0x0000000090500000|  0%| F|  |TAMS 0x0000000090400000, 0x0000000090400000| Untracked 
| 261|0x0000000090500000, 0x0000000090500000, 0x0000000090600000|  0%| F|  |TAMS 0x0000000090500000, 0x0000000090500000| Untracked 
| 262|0x0000000090600000, 0x0000000090600000, 0x0000000090700000|  0%| F|  |TAMS 0x0000000090600000, 0x0000000090600000| Untracked 
| 263|0x0000000090700000, 0x0000000090700000, 0x0000000090800000|  0%| F|  |TAMS 0x0000000090700000, 0x0000000090700000| Untracked 
| 264|0x0000000090800000, 0x0000000090800000, 0x0000000090900000|  0%| F|  |TAMS 0x0000000090800000, 0x0000000090800000| Untracked 
| 265|0x0000000090900000, 0x0000000090900000, 0x0000000090a00000|  0%| F|  |TAMS 0x0000000090900000, 0x0000000090900000| Untracked 
| 266|0x0000000090a00000, 0x0000000090a00000, 0x0000000090b00000|  0%| F|  |TAMS 0x0000000090a00000, 0x0000000090a00000| Untracked 
| 267|0x0000000090b00000, 0x0000000090b00000, 0x0000000090c00000|  0%| F|  |TAMS 0x0000000090b00000, 0x0000000090b00000| Untracked 
| 268|0x0000000090c00000, 0x0000000090c00000, 0x0000000090d00000|  0%| F|  |TAMS 0x0000000090c00000, 0x0000000090c00000| Untracked 
| 269|0x0000000090d00000, 0x0000000090d00000, 0x0000000090e00000|  0%| F|  |TAMS 0x0000000090d00000, 0x0000000090d00000| Untracked 
| 270|0x0000000090e00000, 0x0000000090e00000, 0x0000000090f00000|  0%| F|  |TAMS 0x0000000090e00000, 0x0000000090e00000| Untracked 
| 271|0x0000000090f00000, 0x0000000090f00000, 0x0000000091000000|  0%| F|  |TAMS 0x0000000090f00000, 0x0000000090f00000| Untracked 
| 272|0x0000000091000000, 0x0000000091086090, 0x0000000091100000| 52%| E|  |TAMS 0x0000000091000000, 0x0000000091000000| Complete 
| 273|0x0000000091100000, 0x0000000091200000, 0x0000000091200000|100%| E|CS|TAMS 0x0000000091100000, 0x0000000091100000| Complete 
| 274|0x0000000091200000, 0x0000000091300000, 0x0000000091300000|100%| E|CS|TAMS 0x0000000091200000, 0x0000000091200000| Complete 
| 275|0x0000000091300000, 0x0000000091400000, 0x0000000091400000|100%| E|CS|TAMS 0x0000000091300000, 0x0000000091300000| Complete 
| 276|0x0000000091400000, 0x0000000091500000, 0x0000000091500000|100%| E|CS|TAMS 0x0000000091400000, 0x0000000091400000| Complete 
| 277|0x0000000091500000, 0x0000000091600000, 0x0000000091600000|100%| E|CS|TAMS 0x0000000091500000, 0x0000000091500000| Complete 
| 278|0x0000000091600000, 0x0000000091700000, 0x0000000091700000|100%| E|CS|TAMS 0x0000000091600000, 0x0000000091600000| Complete 
| 279|0x0000000091700000, 0x0000000091800000, 0x0000000091800000|100%| E|CS|TAMS 0x0000000091700000, 0x0000000091700000| Complete 
| 280|0x0000000091800000, 0x0000000091900000, 0x0000000091900000|100%| E|CS|TAMS 0x0000000091800000, 0x0000000091800000| Complete 
| 281|0x0000000091900000, 0x0000000091a00000, 0x0000000091a00000|100%| E|CS|TAMS 0x0000000091900000, 0x0000000091900000| Complete 
| 282|0x0000000091a00000, 0x0000000091b00000, 0x0000000091b00000|100%| E|CS|TAMS 0x0000000091a00000, 0x0000000091a00000| Complete 
| 283|0x0000000091b00000, 0x0000000091c00000, 0x0000000091c00000|100%| E|CS|TAMS 0x0000000091b00000, 0x0000000091b00000| Complete 
| 284|0x0000000091c00000, 0x0000000091d00000, 0x0000000091d00000|100%| E|CS|TAMS 0x0000000091c00000, 0x0000000091c00000| Complete 
| 285|0x0000000091d00000, 0x0000000091e00000, 0x0000000091e00000|100%| E|CS|TAMS 0x0000000091d00000, 0x0000000091d00000| Complete 
| 286|0x0000000091e00000, 0x0000000091f00000, 0x0000000091f00000|100%| E|CS|TAMS 0x0000000091e00000, 0x0000000091e00000| Complete 
| 463|0x000000009cf00000, 0x000000009d000000, 0x000000009d000000|100%| E|  |TAMS 0x000000009cf00000, 0x000000009cf00000| Complete 
| 464|0x000000009d000000, 0x000000009d100000, 0x000000009d100000|100%| E|CS|TAMS 0x000000009d000000, 0x000000009d000000| Complete 
| 465|0x000000009d100000, 0x000000009d200000, 0x000000009d200000|100%| E|CS|TAMS 0x000000009d100000, 0x000000009d100000| Complete 
| 466|0x000000009d200000, 0x000000009d300000, 0x000000009d300000|100%| E|CS|TAMS 0x000000009d200000, 0x000000009d200000| Complete 
| 467|0x000000009d300000, 0x000000009d3114b0, 0x000000009d400000|  6%| S|CS|TAMS 0x000000009d300000, 0x000000009d300000| Complete 
| 468|0x000000009d400000, 0x000000009d500000, 0x000000009d500000|100%| E|CS|TAMS 0x000000009d400000, 0x000000009d400000| Complete 
| 469|0x000000009d500000, 0x000000009d600000, 0x000000009d600000|100%| E|CS|TAMS 0x000000009d500000, 0x000000009d500000| Complete 
| 470|0x000000009d600000, 0x000000009d700000, 0x000000009d700000|100%| S|CS|TAMS 0x000000009d600000, 0x000000009d600000| Complete 
| 509|0x000000009fd00000, 0x000000009fe00000, 0x000000009fe00000|100%| E|CS|TAMS 0x000000009fd00000, 0x000000009fd00000| Complete 

Card table byte_map: [0x000001c77a2b0000,0x000001c77a6b0000] _byte_map_base: 0x000001c779eb0000

Marking Bits (Prev, Next): (CMBitMap*) 0x000001c7674f4080, (CMBitMap*) 0x000001c7674f40c0
 Prev Bits: [0x000001c77aab0000, 0x000001c77cab0000)
 Next Bits: [0x000001c77cab0000, 0x000001c77eab0000)

Polling page: 0x000001c765460000

Metaspace:

Usage:
  Non-class:     26.90 MB used.
      Class:      4.31 MB used.
       Both:     31.21 MB used.

Virtual space:
  Non-class space:       32.00 MB reserved,      27.06 MB ( 85%) committed,  4 nodes.
      Class space:        1.00 GB reserved,       4.50 MB ( <1%) committed,  1 nodes.
             Both:        1.03 GB reserved,      31.56 MB (  3%) committed. 

Chunk freelists:
   Non-Class:  736.00 KB
       Class:  3.42 MB
        Both:  4.14 MB

MaxMetaspaceSize: unlimited
CompressedClassSpaceSize: 1.00 GB
Initial GC threshold: 21.00 MB
Current GC threshold: 48.25 MB
CDS: off
MetaspaceReclaimPolicy: balanced
 - commit_granule_bytes: 65536.
 - commit_granule_words: 8192.
 - virtual_space_node_default_size: 1048576.
 - enlarge_chunks_in_place: 1.
 - new_chunks_are_fully_committed: 0.
 - uncommit_free_chunks: 1.
 - use_allocation_guard: 0.
 - handle_deallocations: 1.


Internal statistics:

num_allocs_failed_limit: 3.
num_arena_births: 344.
num_arena_deaths: 0.
num_vsnodes_births: 5.
num_vsnodes_deaths: 0.
num_space_committed: 505.
num_space_uncommitted: 0.
num_chunks_returned_to_freelist: 3.
num_chunks_taken_from_freelist: 1263.
num_chunk_merges: 3.
num_chunk_splits: 797.
num_chunks_enlarged: 530.
num_purges: 0.
num_inconsistent_stats: 0.

CodeHeap 'non-profiled nmethods': size=120000Kb used=1555Kb max_used=1555Kb free=118444Kb
 bounds [0x000001c772430000, 0x000001c7726a0000, 0x000001c779960000]
CodeHeap 'profiled nmethods': size=120000Kb used=5590Kb max_used=5590Kb free=114410Kb
 bounds [0x000001c76a960000, 0x000001c76aee0000, 0x000001c771e90000]
CodeHeap 'non-nmethods': size=5760Kb used=1228Kb max_used=1307Kb free=4531Kb
 bounds [0x000001c771e90000, 0x000001c772100000, 0x000001c772430000]
 total_blobs=3329 nmethods=2793 adapters=448
 compilation: enabled
              stopped_count=0, restarted_count=0
 full_count=0

Compilation events (20 events):
Event: 3.445 Thread 0x000001c77f889150 2727       3       jdk.internal.reflect.ReflectionFactory::newMethodAccessor (120 bytes)
Event: 3.447 Thread 0x000001c77f889150 nmethod 2727 0x000001c76aeaeb10 code [0x000001c76aeaeec0, 0x000001c76aeb0998]
Event: 3.447 Thread 0x000001c77f889150 2728       3       jdk.internal.reflect.Reflection::isCallerSensitive (24 bytes)
Event: 3.449 Thread 0x000001c77f889150 nmethod 2728 0x000001c76aeb1210 code [0x000001c76aeb1540, 0x000001c76aeb2a98]
Event: 3.458 Thread 0x000001c77f889150 2729       3       java.lang.invoke.DirectMethodHandle::make (21 bytes)
Event: 3.458 Thread 0x000001c77f8886b0 2730       4       java.lang.AbstractStringBuilder::append (55 bytes)
Event: 3.458 Thread 0x000001c77f889150 nmethod 2729 0x000001c76aeb3110 code [0x000001c76aeb32e0, 0x000001c76aeb3638]
Event: 3.464 Thread 0x000001c77f889150 2731       3       org.gradle.internal.service.DefaultServiceRegistry$FactoryMethodService::getParameterTypes (10 bytes)
Event: 3.465 Thread 0x000001c77f889150 nmethod 2731 0x000001c76aeb3790 code [0x000001c76aeb3920, 0x000001c76aeb3af8]
Event: 3.476 Thread 0x000001c77f8886b0 nmethod 2730 0x000001c7725b0410 code [0x000001c7725b05c0, 0x000001c7725b1158]
Event: 3.478 Thread 0x000001c77f8886b0 2732       4       java.util.jar.JarFile::getVersionedEntry (133 bytes)
Event: 3.496 Thread 0x000001c77f8886b0 nmethod 2732 0x000001c7725b1690 code [0x000001c7725b1860, 0x000001c7725b2468]
Event: 3.503 Thread 0x000001c77f889150 2733       3       org.gradle.internal.service.DefaultServiceRegistry::isSatisfiedBy (61 bytes)
Event: 3.504 Thread 0x000001c77f889150 nmethod 2733 0x000001c76aeb3c10 code [0x000001c76aeb3e20, 0x000001c76aeb46d8]
Event: 3.504 Thread 0x000001c77f889150 2734   !   3       org.gradle.internal.service.ReflectionBasedServiceMethod::invoke (16 bytes)
Event: 3.504 Thread 0x000001c77f889150 nmethod 2734 0x000001c76aeb4910 code [0x000001c76aeb4ac0, 0x000001c76aeb4cd8]
Event: 3.504 Thread 0x000001c77f889150 2735   !   3       org.gradle.internal.reflect.JavaMethod::invoke (74 bytes)
Event: 3.506 Thread 0x000001c77f889150 nmethod 2735 0x000001c76aeb4e90 code [0x000001c76aeb5200, 0x000001c76aeb6808]
Event: 3.510 Thread 0x000001c77f889150 2736       3       java.lang.reflect.Method::acquireMethodAccessor (44 bytes)
Event: 3.510 Thread 0x000001c77f889150 nmethod 2736 0x000001c76aeb7190 code [0x000001c76aeb7380, 0x000001c76aeb7878]

GC Heap History (16 events):
Event: 0.891 GC heap before
{Heap before GC invocations=0 (full 0):
 garbage-first heap   total 522240K, used 29696K [0x0000000080000000, 0x0000000100000000)
  region size 1024K, 25 young (25600K), 0 survivors (0K)
 Metaspace       used 10449K, committed 10624K, reserved 1064960K
  class space    used 1083K, committed 1152K, reserved 1048576K
}
Event: 0.894 GC heap after
{Heap after GC invocations=1 (full 0):
 garbage-first heap   total 522240K, used 10211K [0x0000000080000000, 0x0000000100000000)
  region size 1024K, 4 young (4096K), 4 survivors (4096K)
 Metaspace       used 10449K, committed 10624K, reserved 1064960K
  class space    used 1083K, committed 1152K, reserved 1048576K
}
Event: 1.266 GC heap before
{Heap before GC invocations=1 (full 0):
 garbage-first heap   total 522240K, used 41955K [0x0000000080000000, 0x0000000100000000)
  region size 1024K, 34 young (34816K), 4 survivors (4096K)
 Metaspace       used 11180K, committed 11392K, reserved 1064960K
  class space    used 1161K, committed 1280K, reserved 1048576K
}
Event: 1.270 GC heap after
{Heap after GC invocations=2 (full 0):
 garbage-first heap   total 522240K, used 14508K [0x0000000080000000, 0x0000000100000000)
  region size 1024K, 5 young (5120K), 5 survivors (5120K)
 Metaspace       used 11180K, committed 11392K, reserved 1064960K
  class space    used 1161K, committed 1280K, reserved 1048576K
}
Event: 2.218 GC heap before
{Heap before GC invocations=2 (full 0):
 garbage-first heap   total 522240K, used 48300K [0x0000000080000000, 0x0000000100000000)
  region size 1024K, 39 young (39936K), 5 survivors (5120K)
 Metaspace       used 21280K, committed 21504K, reserved 1073152K
  class space    used 2572K, committed 2688K, reserved 1048576K
}
Event: 2.224 GC heap after
{Heap after GC invocations=3 (full 0):
 garbage-first heap   total 522240K, used 18084K [0x0000000080000000, 0x0000000100000000)
  region size 1024K, 8 young (8192K), 8 survivors (8192K)
 Metaspace       used 21280K, committed 21504K, reserved 1073152K
  class space    used 2572K, committed 2688K, reserved 1048576K
}
Event: 2.798 GC heap before
{Heap before GC invocations=4 (full 0):
 garbage-first heap   total 65536K, used 48804K [0x0000000080000000, 0x0000000100000000)
  region size 1024K, 38 young (38912K), 8 survivors (8192K)
 Metaspace       used 25930K, committed 26304K, reserved 1073152K
  class space    used 3394K, committed 3584K, reserved 1048576K
}
Event: 2.802 GC heap after
{Heap after GC invocations=5 (full 0):
 garbage-first heap   total 65536K, used 20581K [0x0000000080000000, 0x0000000100000000)
  region size 1024K, 3 young (3072K), 3 survivors (3072K)
 Metaspace       used 25930K, committed 26304K, reserved 1073152K
  class space    used 3394K, committed 3584K, reserved 1048576K
}
Event: 2.820 GC heap before
{Heap before GC invocations=5 (full 0):
 garbage-first heap   total 65536K, used 21605K [0x0000000080000000, 0x0000000100000000)
  region size 1024K, 4 young (4096K), 3 survivors (3072K)
 Metaspace       used 26084K, committed 26432K, reserved 1073152K
  class space    used 3417K, committed 3584K, reserved 1048576K
}
Event: 2.823 GC heap after
{Heap after GC invocations=6 (full 0):
 garbage-first heap   total 65536K, used 20618K [0x0000000080000000, 0x0000000100000000)
  region size 1024K, 1 young (1024K), 1 survivors (1024K)
 Metaspace       used 26084K, committed 26432K, reserved 1073152K
  class space    used 3417K, committed 3584K, reserved 1048576K
}
Event: 3.217 GC heap before
{Heap before GC invocations=6 (full 0):
 garbage-first heap   total 65536K, used 50314K [0x0000000080000000, 0x0000000100000000)
  region size 1024K, 24 young (24576K), 1 survivors (1024K)
 Metaspace       used 29224K, committed 29568K, reserved 1081344K
  class space    used 3970K, committed 4160K, reserved 1048576K
}
Event: 3.221 GC heap after
{Heap after GC invocations=7 (full 0):
 garbage-first heap   total 65536K, used 31829K [0x0000000080000000, 0x0000000100000000)
  region size 1024K, 4 young (4096K), 4 survivors (4096K)
 Metaspace       used 29224K, committed 29568K, reserved 1081344K
  class space    used 3970K, committed 4160K, reserved 1048576K
}
Event: 3.250 GC heap before
{Heap before GC invocations=7 (full 0):
 garbage-first heap   total 65536K, used 34901K [0x0000000080000000, 0x0000000100000000)
  region size 1024K, 6 young (6144K), 4 survivors (4096K)
 Metaspace       used 29305K, committed 29632K, reserved 1081344K
  class space    used 3985K, committed 4160K, reserved 1048576K
}
Event: 3.252 GC heap after
{Heap after GC invocations=8 (full 0):
 garbage-first heap   total 65536K, used 34861K [0x0000000080000000, 0x0000000100000000)
  region size 1024K, 2 young (2048K), 2 survivors (2048K)
 Metaspace       used 29305K, committed 29632K, reserved 1081344K
  class space    used 3985K, committed 4160K, reserved 1048576K
}
Event: 3.276 GC heap before
{Heap before GC invocations=9 (full 0):
 garbage-first heap   total 83968K, used 47149K [0x0000000080000000, 0x0000000100000000)
  region size 1024K, 3 young (3072K), 2 survivors (2048K)
 Metaspace       used 29306K, committed 29632K, reserved 1081344K
  class space    used 3985K, committed 4160K, reserved 1048576K
}
Event: 3.279 GC heap after
{Heap after GC invocations=10 (full 0):
 garbage-first heap   total 303104K, used 47185K [0x0000000080000000, 0x0000000100000000)
  region size 1024K, 2 young (2048K), 2 survivors (2048K)
 Metaspace       used 29306K, committed 29632K, reserved 1081344K
  class space    used 3985K, committed 4160K, reserved 1048576K
}

Dll operation events (2 events):
Event: 0.010 Loaded shared library C:\Program Files\Android\Android Studio\jbr\bin\java.dll
Event: 0.443 Loaded shared library C:\Program Files\Android\Android Studio\jbr\bin\verify.dll

Deoptimization events (20 events):
Event: 3.181 Thread 0x000001c702ca45c0 DEOPT PACKING pc=0x000001c7725599b0 sp=0x0000001398afbd40
Event: 3.181 Thread 0x000001c702ca45c0 DEOPT UNPACKING pc=0x000001c771ee69a3 sp=0x0000001398afbd70 mode 2
Event: 3.183 Thread 0x000001c702ca45c0 Uncommon trap: trap_request=0xffffff45 fr.pc=0x000001c77256f9e0 relative=0x0000000000006300
Event: 3.183 Thread 0x000001c702ca45c0 Uncommon trap: reason=unstable_if action=reinterpret pc=0x000001c77256f9e0 method=java.net.URLClassLoader.getAndVerifyPackage(Ljava/lang/String;Ljava/util/jar/Manifest;Ljava/net/URL;)Ljava/lang/Package; @ 62 c2
Event: 3.183 Thread 0x000001c702ca45c0 DEOPT PACKING pc=0x000001c77256f9e0 sp=0x0000001398afc030
Event: 3.183 Thread 0x000001c702ca45c0 DEOPT UNPACKING pc=0x000001c771ee69a3 sp=0x0000001398afbdb8 mode 2
Event: 3.184 Thread 0x000001c702ca45c0 Uncommon trap: trap_request=0xffffff45 fr.pc=0x000001c772583684 relative=0x0000000000006024
Event: 3.184 Thread 0x000001c702ca45c0 Uncommon trap: reason=unstable_if action=reinterpret pc=0x000001c772583684 method=java.net.URLClassLoader.getAndVerifyPackage(Ljava/lang/String;Ljava/util/jar/Manifest;Ljava/net/URL;)Ljava/lang/Package; @ 62 c2
Event: 3.184 Thread 0x000001c702ca45c0 DEOPT PACKING pc=0x000001c772583684 sp=0x0000001398afb8e0
Event: 3.184 Thread 0x000001c702ca45c0 DEOPT UNPACKING pc=0x000001c771ee69a3 sp=0x0000001398afb7a0 mode 2
Event: 3.190 Thread 0x000001c702ca45c0 DEOPT PACKING pc=0x000001c76aa18f3d sp=0x0000001398afb220
Event: 3.190 Thread 0x000001c702ca45c0 DEOPT UNPACKING pc=0x000001c771ee7143 sp=0x0000001398afa6b8 mode 0
Event: 3.210 Thread 0x000001c702ca45c0 DEOPT PACKING pc=0x000001c76aa18f3d sp=0x0000001398af90c0
Event: 3.210 Thread 0x000001c702ca45c0 DEOPT UNPACKING pc=0x000001c771ee7143 sp=0x0000001398af8548 mode 0
Event: 3.222 Thread 0x000001c702ca45c0 DEOPT PACKING pc=0x000001c76aa18f3d sp=0x0000001398af90c0
Event: 3.222 Thread 0x000001c702ca45c0 DEOPT UNPACKING pc=0x000001c771ee7143 sp=0x0000001398af8548 mode 0
Event: 3.264 Thread 0x000001c702ca45c0 DEOPT PACKING pc=0x000001c76aa18f3d sp=0x0000001398afa130
Event: 3.264 Thread 0x000001c702ca45c0 DEOPT UNPACKING pc=0x000001c771ee7143 sp=0x0000001398af95b8 mode 0
Event: 3.283 Thread 0x000001c702ca45c0 DEOPT PACKING pc=0x000001c76aa18f3d sp=0x0000001398afa130
Event: 3.283 Thread 0x000001c702ca45c0 DEOPT UNPACKING pc=0x000001c771ee7143 sp=0x0000001398af95b8 mode 0

Classes unloaded (0 events):
No events

Classes redefined (0 events):
No events

Internal exceptions (20 events):
Event: 3.303 Thread 0x000001c702ca45c0 Exception <a 'java/lang/NoSuchMethodError'{0x000000009d501fb8}: static Lcom/android/tools/idea/gradle/project/sync/SelectedVariant;.<clinit>()V> (0x000000009d501fb8) 
thrown [s\src\hotspot\share\prims\jni.cpp, line 1108]
Event: 3.305 Thread 0x000001c702ca45c0 Exception <a 'java/lang/NoSuchMethodError'{0x000000009d514898}: static Lcom/android/tools/idea/gradle/project/sync/VariantDetails;.<clinit>()V> (0x000000009d514898) 
thrown [s\src\hotspot\share\prims\jni.cpp, line 1108]
Event: 3.306 Thread 0x000001c702ca45c0 Exception <a 'java/lang/NoSuchMethodError'{0x000000009d524d50}: static Lorg/jetbrains/plugins/gradle/model/RepositoriesModel;.<clinit>()V> (0x000000009d524d50) 
thrown [s\src\hotspot\share\prims\jni.cpp, line 1108]
Event: 3.307 Thread 0x000001c702ca45c0 Exception <a 'java/lang/NoSuchMethodError'{0x000000009d52fe30}: static Lorg/jetbrains/kotlin/idea/gradleTooling/model/noarg/NoArgModel;.<clinit>()V> (0x000000009d52fe30) 
thrown [s\src\hotspot\share\prims\jni.cpp, line 1108]
Event: 3.307 Thread 0x000001c702ca45c0 Exception <a 'java/lang/NoSuchMethodError'{0x000000009d53acf0}: static Lorg/jetbrains/kotlin/idea/gradleTooling/model/lombok/LombokModel;.<clinit>()V> (0x000000009d53acf0) 
thrown [s\src\hotspot\share\prims\jni.cpp, line 1108]
Event: 3.308 Thread 0x000001c702ca45c0 Exception <a 'java/lang/NoSuchMethodError'{0x000000009d54b420}: static Lorg/jetbrains/kotlin/idea/gradleTooling/KotlinDslScriptModelProvider;.<clinit>()V> (0x000000009d54b420) 
thrown [s\src\hotspot\share\prims\jni.cpp, line 1108]
Event: 3.312 Thread 0x000001c702ca45c0 Exception <a 'java/lang/NoSuchMethodError'{0x000000009d5f25d8}: static Lorg/jetbrains/kotlin/idea/gradleTooling/model/allopen/AllOpenModel;.<clinit>()V> (0x000000009d5f25d8) 
thrown [s\src\hotspot\share\prims\jni.cpp, line 1108]
Event: 3.313 Thread 0x000001c702ca45c0 Exception <a 'java/lang/NoSuchMethodError'{0x000000009d4038f0}: static Lorg/jetbrains/kotlin/idea/gradleTooling/PrepareKotlinIdeImportTaskModel;.<clinit>()V> (0x000000009d4038f0) 
thrown [s\src\hotspot\share\prims\jni.cpp, line 1108]
Event: 3.314 Thread 0x000001c702ca45c0 Exception <a 'java/lang/NoSuchMethodError'{0x000000009d40fa40}: static Lorg/jetbrains/plugins/gradle/model/FileCollectionDependency;.<clinit>()V> (0x000000009d40fa40) 
thrown [s\src\hotspot\share\prims\jni.cpp, line 1108]
Event: 3.315 Thread 0x000001c702ca45c0 Exception <a 'java/lang/NoSuchMethodError'{0x000000009d419118}: static Lorg/jetbrains/plugins/gradle/model/ExternalProjectDependency;.<clinit>()V> (0x000000009d419118) 
thrown [s\src\hotspot\share\prims\jni.cpp, line 1108]
Event: 3.315 Thread 0x000001c702ca45c0 Exception <a 'java/lang/NoSuchMethodError'{0x000000009d422a18}: static Lorg/jetbrains/plugins/gradle/model/UnresolvedExternalDependency;.<clinit>()V> (0x000000009d422a18) 
thrown [s\src\hotspot\share\prims\jni.cpp, line 1108]
Event: 3.316 Thread 0x000001c702ca45c0 Exception <a 'java/lang/NoSuchMethodError'{0x000000009d42be70}: static Lorg/jetbrains/plugins/gradle/model/ExternalLibraryDependency;.<clinit>()V> (0x000000009d42be70) 
thrown [s\src\hotspot\share\prims\jni.cpp, line 1108]
Event: 3.327 Thread 0x000001c702ca45c0 Exception <a 'java/lang/NoSuchMethodError'{0x000000009d4be890}: static Lorg/gradle/tooling/internal/consumer/versioning/VersionDetails;.<clinit>()V> (0x000000009d4be890) 
thrown [s\src\hotspot\share\prims\jni.cpp, line 1108]
Event: 3.327 Thread 0x000001c702ca45c0 Exception <a 'java/lang/NoSuchMethodError'{0x000000009d4c1238}: static Lorg/gradle/tooling/internal/consumer/versioning/VersionDetails$R26VersionDetails;.<clinit>()V> (0x000000009d4c1238) 
thrown [s\src\hotspot\share\prims\jni.cpp, line 1108]
Event: 3.327 Thread 0x000001c702ca45c0 Exception <a 'java/lang/NoSuchMethodError'{0x000000009d4c27b0}: static Lorg/gradle/tooling/internal/consumer/versioning/VersionDetails$R28VersionDetails;.<clinit>()V> (0x000000009d4c27b0) 
thrown [s\src\hotspot\share\prims\jni.cpp, line 1108]
Event: 3.328 Thread 0x000001c702ca45c0 Exception <a 'java/lang/NoSuchMethodError'{0x000000009d4c3cb8}: static Lorg/gradle/tooling/internal/consumer/versioning/VersionDetails$R35VersionDetails;.<clinit>()V> (0x000000009d4c3cb8) 
thrown [s\src\hotspot\share\prims\jni.cpp, line 1108]
Event: 3.328 Thread 0x000001c702ca45c0 Exception <a 'java/lang/NoSuchMethodError'{0x000000009d4c5388}: static Lorg/gradle/tooling/internal/consumer/versioning/VersionDetails$R44VersionDetails;.<clinit>()V> (0x000000009d4c5388) 
thrown [s\src\hotspot\share\prims\jni.cpp, line 1108]
Event: 3.328 Thread 0x000001c702ca45c0 Exception <a 'java/lang/NoSuchMethodError'{0x000000009d4c6990}: static Lorg/gradle/tooling/internal/consumer/versioning/VersionDetails$R48VersionDetails;.<clinit>()V> (0x000000009d4c6990) 
thrown [s\src\hotspot\share\prims\jni.cpp, line 1108]
Event: 3.328 Thread 0x000001c702ca45c0 Exception <a 'java/lang/NoSuchMethodError'{0x000000009d4c7b90}: static Lorg/gradle/tooling/internal/consumer/versioning/VersionDetails$R51VersionDetails;.<clinit>()V> (0x000000009d4c7b90) 
thrown [s\src\hotspot\share\prims\jni.cpp, line 1108]
Event: 3.347 Thread 0x000001c702ca45c0 Exception <a 'java/lang/NoSuchMethodError'{0x000000009d2bb9d0}: 'java.lang.Object java.lang.invoke.DirectMethodHandle$Holder.newInvokeSpecial(java.lang.Object, java.lang.Object, int)'> (0x000000009d2bb9d0) 
thrown [s\src\hotspot\share\interpreter\linkResolver.cpp, line 771]

VM Operations (20 events):
Event: 2.798 Executing VM operation: G1CollectForAllocation
Event: 2.802 Executing VM operation: G1CollectForAllocation done
Event: 2.820 Executing VM operation: G1CollectForAllocation
Event: 2.823 Executing VM operation: G1CollectForAllocation done
Event: 3.121 Executing VM operation: HandshakeAllThreads
Event: 3.121 Executing VM operation: HandshakeAllThreads done
Event: 3.217 Executing VM operation: G1TryInitiateConcMark
Event: 3.221 Executing VM operation: G1TryInitiateConcMark done
Event: 3.250 Executing VM operation: G1TryInitiateConcMark
Event: 3.252 Executing VM operation: G1TryInitiateConcMark done
Event: 3.262 Executing VM operation: G1Concurrent
Event: 3.264 Executing VM operation: G1Concurrent done
Event: 3.268 Executing VM operation: G1Concurrent
Event: 3.268 Executing VM operation: G1Concurrent done
Event: 3.276 Executing VM operation: G1TryInitiateConcMark
Event: 3.279 Executing VM operation: G1TryInitiateConcMark done
Event: 3.346 Executing VM operation: HandshakeAllThreads
Event: 3.346 Executing VM operation: HandshakeAllThreads done
Event: 3.389 Executing VM operation: HandshakeAllThreads
Event: 3.389 Executing VM operation: HandshakeAllThreads done

Events (20 events):
Event: 3.213 loading class java/io/ObjectStreamClass$ExceptionInfo
Event: 3.213 loading class java/io/ObjectStreamClass$ExceptionInfo done
Event: 3.336 loading class java/util/concurrent/locks/ReentrantReadWriteLock
Event: 3.337 loading class java/util/concurrent/locks/ReadWriteLock
Event: 3.337 loading class java/util/concurrent/locks/ReadWriteLock done
Event: 3.337 loading class java/util/concurrent/locks/ReentrantReadWriteLock done
Event: 3.337 loading class java/util/concurrent/locks/ReentrantReadWriteLock$NonfairSync
Event: 3.337 loading class java/util/concurrent/locks/ReentrantReadWriteLock$Sync
Event: 3.337 loading class java/util/concurrent/locks/ReentrantReadWriteLock$Sync done
Event: 3.337 loading class java/util/concurrent/locks/ReentrantReadWriteLock$NonfairSync done
Event: 3.337 loading class java/util/concurrent/locks/ReentrantReadWriteLock$Sync$ThreadLocalHoldCounter
Event: 3.337 loading class java/util/concurrent/locks/ReentrantReadWriteLock$Sync$ThreadLocalHoldCounter done
Event: 3.337 loading class java/util/concurrent/locks/ReentrantReadWriteLock$ReadLock
Event: 3.337 loading class java/util/concurrent/locks/ReentrantReadWriteLock$ReadLock done
Event: 3.337 loading class java/util/concurrent/locks/ReentrantReadWriteLock$WriteLock
Event: 3.337 loading class java/util/concurrent/locks/ReentrantReadWriteLock$WriteLock done
Event: 3.345 loading class java/util/concurrent/Executors$FinalizableDelegatedExecutorService
Event: 3.345 loading class java/util/concurrent/Executors$DelegatedExecutorService
Event: 3.345 loading class java/util/concurrent/Executors$DelegatedExecutorService done
Event: 3.345 loading class java/util/concurrent/Executors$FinalizableDelegatedExecutorService done


Dynamic libraries:
0x00007ff61dd40000 - 0x00007ff61dd4a000 	C:\Program Files\Android\Android Studio\jbr\bin\java.exe
0x00007ffaa2510000 - 0x00007ffaa2727000 	C:\Windows\SYSTEM32\ntdll.dll
0x00007ffaa1240000 - 0x00007ffaa1304000 	C:\Windows\System32\KERNEL32.DLL
0x00007ffa9fdf0000 - 0x00007ffaa0195000 	C:\Windows\System32\KERNELBASE.dll
0x00007ffa9f9a0000 - 0x00007ffa9fab1000 	C:\Windows\System32\ucrtbase.dll
0x00007ffa89d20000 - 0x00007ffa89d3b000 	C:\Program Files\Android\Android Studio\jbr\bin\VCRUNTIME140.dll
0x00007ffa8d5c0000 - 0x00007ffa8d5d7000 	C:\Program Files\Android\Android Studio\jbr\bin\jli.dll
0x00007ffaa1ef0000 - 0x00007ffaa209e000 	C:\Windows\System32\USER32.dll
0x00007ffa9f880000 - 0x00007ffa9f8a6000 	C:\Windows\System32\win32u.dll
0x00007ffa9ea90000 - 0x00007ffa9ed23000 	C:\Windows\WinSxS\amd64_microsoft.windows.common-controls_6595b64144ccf1df_6.0.22621.2506_none_270c5ae97388e100\COMCTL32.dll
0x00007ffaa1520000 - 0x00007ffaa1549000 	C:\Windows\System32\GDI32.dll
0x00007ffaa1310000 - 0x00007ffaa13b7000 	C:\Windows\System32\msvcrt.dll
0x00007ffa9fb60000 - 0x00007ffa9fc79000 	C:\Windows\System32\gdi32full.dll
0x00007ffa9fac0000 - 0x00007ffa9fb5a000 	C:\Windows\System32\msvcp_win.dll
0x00007ffaa1170000 - 0x00007ffaa11a1000 	C:\Windows\System32\IMM32.DLL
0x00007ffa9e3c0000 - 0x00007ffa9e3cc000 	C:\Program Files\Android\Android Studio\jbr\bin\vcruntime140_1.dll
0x00007ffa625d0000 - 0x00007ffa6265d000 	C:\Program Files\Android\Android Studio\jbr\bin\msvcp140.dll
0x00007ff9ec1a0000 - 0x00007ff9ece0d000 	C:\Program Files\Android\Android Studio\jbr\bin\server\jvm.dll
0x00007ffaa02c0000 - 0x00007ffaa0371000 	C:\Windows\System32\ADVAPI32.dll
0x00007ffaa15e0000 - 0x00007ffaa1686000 	C:\Windows\System32\sechost.dll
0x00007ffaa23b0000 - 0x00007ffaa24c7000 	C:\Windows\System32\RPCRT4.dll
0x00007ffa8e3c0000 - 0x00007ffa8e3f4000 	C:\Windows\SYSTEM32\WINMM.dll
0x00007ffa8d8a0000 - 0x00007ffa8d8a9000 	C:\Windows\SYSTEM32\WSOCK32.dll
0x00007ffa9d6a0000 - 0x00007ffa9d6aa000 	C:\Windows\SYSTEM32\VERSION.dll
0x00007ffaa10f0000 - 0x00007ffaa1161000 	C:\Windows\System32\WS2_32.dll
0x00007ffa9d940000 - 0x00007ffa9d958000 	C:\Windows\SYSTEM32\kernel.appcore.dll
0x00007ffa98280000 - 0x00007ffa9828a000 	C:\Program Files\Android\Android Studio\jbr\bin\jimage.dll
0x00007ffa9f1f0000 - 0x00007ffa9f423000 	C:\Windows\SYSTEM32\DBGHELP.DLL
0x00007ffaa04d0000 - 0x00007ffaa0859000 	C:\Windows\System32\combase.dll
0x00007ffaa13c0000 - 0x00007ffaa1497000 	C:\Windows\System32\OLEAUT32.dll
0x00007ffa9f060000 - 0x00007ffa9f092000 	C:\Windows\SYSTEM32\dbgcore.DLL
0x00007ffa9f920000 - 0x00007ffa9f99a000 	C:\Windows\System32\bcryptPrimitives.dll
0x00007ffa681d0000 - 0x00007ffa681f5000 	C:\Program Files\Android\Android Studio\jbr\bin\java.dll
0x00007ffa73be0000 - 0x00007ffa73bf8000 	C:\Program Files\Android\Android Studio\jbr\bin\zip.dll
0x00007ffaa1690000 - 0x00007ffaa1ee9000 	C:\Windows\System32\SHELL32.dll
0x00007ffa9c830000 - 0x00007ffa9d124000 	C:\Windows\SYSTEM32\windows.storage.dll
0x00007ffa9c6f0000 - 0x00007ffa9c82e000 	C:\Windows\SYSTEM32\wintypes.dll
0x00007ffaa08c0000 - 0x00007ffaa09b3000 	C:\Windows\System32\SHCORE.dll
0x00007ffaa0860000 - 0x00007ffaa08be000 	C:\Windows\System32\shlwapi.dll
0x00007ffa9f7b0000 - 0x00007ffa9f7d6000 	C:\Windows\SYSTEM32\profapi.dll
0x00007ffa71b30000 - 0x00007ffa71b49000 	C:\Program Files\Android\Android Studio\jbr\bin\net.dll
0x00007ffa99090000 - 0x00007ffa991c7000 	C:\Windows\SYSTEM32\WINHTTP.dll
0x00007ffa9dd80000 - 0x00007ffa9dde9000 	C:\Windows\system32\mswsock.dll
0x00007ffa62f50000 - 0x00007ffa62f66000 	C:\Program Files\Android\Android Studio\jbr\bin\nio.dll
0x00007ffa8b410000 - 0x00007ffa8b420000 	C:\Program Files\Android\Android Studio\jbr\bin\verify.dll
0x00007ffa77760000 - 0x00007ffa77787000 	C:\Users\Esraa\.gradle\native\68d5fa5c4cc2d200863cafc0d521ce42e7d3e7ee720ec0a83991735586a16f82\windows-amd64\native-platform.dll
0x00007ffa036f0000 - 0x00007ffa03834000 	C:\Users\Esraa\.gradle\native\e376f236ea51e6404a007f0833ffe2c6e607c4080706a723a18a27aeea778392\windows-amd64\native-platform-file-events.dll
0x00007ffa97eb0000 - 0x00007ffa97eb9000 	C:\Program Files\Android\Android Studio\jbr\bin\management.dll
0x00007ffa97e80000 - 0x00007ffa97e8b000 	C:\Program Files\Android\Android Studio\jbr\bin\management_ext.dll
0x00007ffaa0ba0000 - 0x00007ffaa0ba8000 	C:\Windows\System32\PSAPI.DLL
0x00007ffa9f520000 - 0x00007ffa9f53b000 	C:\Windows\SYSTEM32\CRYPTSP.dll
0x00007ffa9d900000 - 0x00007ffa9d935000 	C:\Windows\system32\rsaenh.dll
0x00007ffa9de20000 - 0x00007ffa9de4c000 	C:\Windows\SYSTEM32\USERENV.dll
0x00007ffa9f0a0000 - 0x00007ffa9f0c8000 	C:\Windows\SYSTEM32\bcrypt.dll
0x00007ffa9e0b0000 - 0x00007ffa9e0bc000 	C:\Windows\SYSTEM32\CRYPTBASE.dll
0x00007ffa9d3c0000 - 0x00007ffa9d3ed000 	C:\Windows\SYSTEM32\IPHLPAPI.DLL
0x00007ffaa14a0000 - 0x00007ffaa14a9000 	C:\Windows\System32\NSI.dll
0x00007ffa98fb0000 - 0x00007ffa98fc9000 	C:\Windows\SYSTEM32\dhcpcsvc6.DLL
0x00007ffa98f90000 - 0x00007ffa98faf000 	C:\Windows\SYSTEM32\dhcpcsvc.DLL
0x00007ffa9d460000 - 0x00007ffa9d559000 	C:\Windows\SYSTEM32\DNSAPI.dll
0x00007ffa7d0d0000 - 0x00007ffa7d0d8000 	C:\Windows\system32\wshunix.dll

dbghelp: loaded successfully - version: 4.0.5 - missing functions: none
symbol engine: initialized successfully - sym options: 0x614 - pdb path: .;C:\Program Files\Android\Android Studio\jbr\bin;C:\Windows\SYSTEM32;C:\Windows\WinSxS\amd64_microsoft.windows.common-controls_6595b64144ccf1df_6.0.22621.2506_none_270c5ae97388e100;C:\Program Files\Android\Android Studio\jbr\bin\server;C:\Users\Esraa\.gradle\native\68d5fa5c4cc2d200863cafc0d521ce42e7d3e7ee720ec0a83991735586a16f82\windows-amd64;C:\Users\Esraa\.gradle\native\e376f236ea51e6404a007f0833ffe2c6e607c4080706a723a18a27aeea778392\windows-amd64

VM Arguments:
jvm_args: --add-opens=java.base/java.util=ALL-UNNAMED --add-opens=java.base/java.lang=ALL-UNNAMED --add-opens=java.base/java.lang.invoke=ALL-UNNAMED --add-opens=java.prefs/java.util.prefs=ALL-UNNAMED --add-opens=java.base/java.nio.charset=ALL-UNNAMED --add-opens=java.base/java.net=ALL-UNNAMED --add-opens=java.base/java.util.concurrent.atomic=ALL-UNNAMED -Xmx2048m -Dfile.encoding=UTF-8 -Duser.country=US -Duser.language=en -Duser.variant 
java_command: org.gradle.launcher.daemon.bootstrap.GradleDaemon 8.0
java_class_path (initial): C:\Users\Esraa\.gradle\wrapper\dists\gradle-8.0-bin\ca5e32bp14vu59qr306oxotwh\gradle-8.0\lib\gradle-launcher-8.0.jar
Launcher Type: SUN_STANDARD

[Global flags]
     intx CICompilerCount                          = 4                                         {product} {ergonomic}
     uint ConcGCThreads                            = 3                                         {product} {ergonomic}
     uint G1ConcRefinementThreads                  = 10                                        {product} {ergonomic}
   size_t G1HeapRegionSize                         = 1048576                                   {product} {ergonomic}
    uintx GCDrainStackTargetSize                   = 64                                        {product} {ergonomic}
   size_t InitialHeapSize                          = 534773760                                 {product} {ergonomic}
   size_t MarkStackSize                            = 4194304                                   {product} {ergonomic}
   size_t MaxHeapSize                              = 2147483648                                {product} {command line}
   size_t MaxNewSize                               = 1287651328                                {product} {ergonomic}
   size_t MinHeapDeltaBytes                        = 1048576                                   {product} {ergonomic}
   size_t MinHeapSize                              = 8388608                                   {product} {ergonomic}
    uintx NonNMethodCodeHeapSize                   = 5839372                                {pd product} {ergonomic}
    uintx NonProfiledCodeHeapSize                  = 122909434                              {pd product} {ergonomic}
    uintx ProfiledCodeHeapSize                     = 122909434                              {pd product} {ergonomic}
    uintx ReservedCodeCacheSize                    = 251658240                              {pd product} {ergonomic}
     bool SegmentedCodeCache                       = true                                      {product} {ergonomic}
   size_t SoftMaxHeapSize                          = 2147483648                             {manageable} {ergonomic}
     bool UseCompressedClassPointers               = true                           {product lp64_product} {ergonomic}
     bool UseCompressedOops                        = true                           {product lp64_product} {ergonomic}
     bool UseG1GC                                  = true                                      {product} {ergonomic}
     bool UseLargePagesIndividualAllocation        = false                                  {pd product} {ergonomic}

Logging:
Log output configuration:
 #0: stdout all=warning uptime,level,tags
 #1: stderr all=off uptime,level,tags

Environment Variables:
PATH=C:\ProgramData\Oracle\Java\javapath;C:\Windows\system32;C:\Windows;C:\Windows\System32\Wbem;C:\Windows\System32\WindowsPowerShell\v1.0\;C:\Windows\System32\OpenSSH\;C:\Program Files (x86)\Windows Kits\10\Windows Performance Toolkit\;C:\Program Files\Git\cmd;C:\Program Files\php-8.3.0-Win32-vs16-x64;C:\Users\Esraa\AppData\Local\Microsoft\WindowsApps;;C:\Users\Esraa\AppData\Local\Programs\Microsoft VS Code\bin
USERNAME=Esraa
OS=Windows_NT
PROCESSOR_IDENTIFIER=Intel64 Family 6 Model 158 Stepping 10, GenuineIntel
TMP=C:\Users\Esraa\AppData\Local\Temp
TEMP=C:\Users\Esraa\AppData\Local\Temp



---------------  S Y S T E M  ---------------

OS:
 Windows 11 , 64 bit Build 22621 (10.0.22621.2506)
OS uptime: 1 days 21:52 hours
Hyper-V role detected

CPU: total 12 (initial active 12) (6 cores per cpu, 2 threads per core) family 6 model 158 stepping 10 microcode 0xf4, cx8, cmov, fxsr, ht, mmx, 3dnowpref, sse, sse2, sse3, ssse3, sse4.1, sse4.2, popcnt, lzcnt, tsc, tscinvbit, avx, avx2, aes, erms, clmul, bmi1, bmi2, rtm, adx, fma, vzeroupper, clflush, clflushopt, hv

Memory: 4k page, system-wide physical 32574M (17333M free)
TotalPageFile size 37438M (AvailPageFile size 20885M)
current process WorkingSet (physical memory assigned to process): 241M, peak: 241M
current process commit charge ("private bytes"): 506M, peak: 671M

vm_info: OpenJDK 64-Bit Server VM (17.0.6+0-b2043.56-9586694) for windows-amd64 JRE (17.0.6+0-b2043.56-9586694), built on Feb  9 2023 20:06:20 by "androidbuild" with MS VC++ 16.10 / 16.11 (VS2019)

END.
